<?xml version="1.0" encoding="UTF-8"?>
<testsuites name="Amazon_TestSuite_Buttons" time="108.123" tests="2" failures="0" errors="0">
   <testsuite name="Amazon_TestSuite_Buttons" tests="2" failures="0" errors="0" time="108.123" skipped="0" timestamp="31-01-2024T19:46:47" hostname="Rishi - Rishi" id="Test Suites/Amazon/Amazon_TestSuite_Buttons">
      <properties>
         <property name="deviceName" value=""/>
         <property name="devicePlatform" value=""/>
         <property name="logFolder" value="C:\\Users\\Rishi\\git\\Katalon_Automation_Testing_SB_GITHub\\Reports\\20240131_194635\\Amazon\\Amazon_TestSuite_Buttons\\20240131_194638"/>
         <property name="logFiles" value="C:\\Users\\Rishi\\git\\Katalon_Automation_Testing_SB_GITHub\\Reports\\20240131_194635\\Amazon\\Amazon_TestSuite_Buttons\\20240131_194638\\execution0.log"/>
         <property name="attachments" value=""/>
         <property name="hostName" value="Rishi - Rishi"/>
         <property name="os" value="Windows 11 64bit"/>
         <property name="katalonVersion" value="9.2.0.212"/>
         <property name="browser" value="Chrome 121.0.0.0"/>
         <property name="hostAddress" value="192.168.56.1"/>
         <property name="sessionId" value="206592d2d76d9ad888c3817bb22df92a"/>
         <property name="seleniumVersion" value="3.141.59"/>
         <property name="proxyInformation" value="ProxyInformation { proxyOption=NO_PROXY, proxyServerType=HTTP, username=, password=********, proxyServerAddress=, proxyServerPort=0, executionList=&quot;&quot;, isApplyToDesiredCapabilities=true }"/>
         <property name="platform" value="Windows 11"/>
      </properties>
      <testcase name="Test Cases/Amazon_Home/Amazon_Home_Search_CheckBox/TC_Amazon_Validate_Input_and_Checkbox_Button" time="63.189" classname="Test Cases/Amazon_Home/Amazon_Home_Search_CheckBox/TC_Amazon_Validate_Input_and_Checkbox_Button" status="PASSED">
         <system-out><![CDATA[31-01-2024T19:46:47 - [TEST_CASE][PASSED] - Test Cases/Amazon_Home/Amazon_Home_Search_CheckBox/TC_Amazon_Validate_Input_and_Checkbox_Button: Test Cases/Amazon_Home/Amazon_Home_Search_CheckBox/TC_Amazon_Validate_Input_and_Checkbox_Button

31-01-2024T19:46:47 - [TEST_STEP][PASSED] - Start listener action : sampleBeforeTestCase: Navigate to 'https://www.amazon.com/' successfully

31-01-2024T19:46:47 - [TEST_STEP][PASSED] - openBrowser(""): Browser is opened with url: ''

31-01-2024T19:46:48 - [MESSAGE][INFO] - Starting 'Chrome' driver

31-01-2024T19:46:48 - [MESSAGE][INFO] - Action delay is set to 0 milliseconds

31-01-2024T19:46:52 - [MESSAGE][PASSED] - Browser is opened with url: ''

31-01-2024T19:46:52 - [TEST_STEP][PASSED] - navigateToUrl("https://www.amazon.com/"): Navigate to 'https://www.amazon.com/' successfully

31-01-2024T19:46:53 - [MESSAGE][PASSED] - Navigate to 'https://www.amazon.com/' successfully

31-01-2024T19:46:54 - [TEST_STEP][PASSED] - selectOptionByValue(findTestObject("Object Repository/Amazon_OR/Page_Amazon.com. Spend less. Smile more/select_All Departments        Arts  Crafts _135c92"), "search-alias=stripbooks-intl-ship", true): All options with value 'search-alias=stripbooks-intl-ship' are selected in object 'Object Repository/Amazon_OR/Page_Amazon.com. Spend less. Smile more/select_All Departments        Arts  Crafts _135c92'  using regular expression

31-01-2024T19:47:26 - [MESSAGE][PASSED] - All options with value 'search-alias=stripbooks-intl-ship' are selected in object 'Object Repository/Amazon_OR/Page_Amazon.com. Spend less. Smile more/select_All Departments        Arts  Crafts _135c92'  using regular expression

31-01-2024T19:47:26 - [TEST_STEP][PASSED] - setText(findTestObject("Object Repository/Amazon_OR/Page_Amazon.com. Spend less. Smile more/input_field-keywords"), "Da vinci code"): Text 'Da vinci code' is set on object 'Object Repository/Amazon_OR/Page_Amazon.com. Spend less. Smile more/input_field-keywords'

31-01-2024T19:47:28 - [MESSAGE][PASSED] - Text 'Da vinci code' is set on object 'Object Repository/Amazon_OR/Page_Amazon.com. Spend less. Smile more/input_field-keywords'

31-01-2024T19:47:28 - [TEST_STEP][PASSED] - click(findTestObject("Amazon_OR/Page_Amazon.com. Spend less. Smile more/inputnav-search-submit-button")): Object: 'Object Repository/Amazon_OR/Page_Amazon.com. Spend less. Smile more/inputnav-search-submit-button' is clicked on

31-01-2024T19:47:37 - [MESSAGE][PASSED] - Object: 'Object Repository/Amazon_OR/Page_Amazon.com. Spend less. Smile more/inputnav-search-submit-button' is clicked on

31-01-2024T19:47:37 - [TEST_STEP][PASSED] - click(findTestObject("Object Repository/Amazon_OR/Page_Amazon.com  Da vinci code/i_Author_a-icon a-icon-checkbox")): Object: 'Object Repository/Amazon_OR/Page_Amazon.com  Da vinci code/i_Author_a-icon a-icon-checkbox' is clicked on

31-01-2024T19:47:44 - [MESSAGE][PASSED] - Object: 'Object Repository/Amazon_OR/Page_Amazon.com  Da vinci code/i_Author_a-icon a-icon-checkbox' is clicked on

31-01-2024T19:47:44 - [TEST_STEP][PASSED] - unchecked = verifyElementNotChecked(findTestObject("Object Repository/Amazon_OR/Page_Amazon.com  Da vinci code/i_Author_a-icon a-icon-checkbox"), 0): Object 'Object Repository/Amazon_OR/Page_Amazon.com  Da vinci code/i_Author_a-icon a-icon-checkbox' is not checked

31-01-2024T19:47:44 - [MESSAGE][WARNING] - Timeout '0' is invalid. Using default page load timeout: '30'

31-01-2024T19:47:45 - [MESSAGE][PASSED] - Object 'Object Repository/Amazon_OR/Page_Amazon.com  Da vinci code/i_Author_a-icon a-icon-checkbox' is not checked

31-01-2024T19:47:45 - [TEST_STEP][PASSED] - if (unchecked == true): null

31-01-2024T19:47:45 - [TEST_STEP][PASSED] - out.println("element not checked"): null

31-01-2024T19:47:45 - [TEST_STEP][PASSED] - check(findTestObject("Object Repository/Amazon_OR/Page_Amazon.com  Da vinci code/i_Author_a-icon a-icon-checkbox")): Object 'Object Repository/Amazon_OR/Page_Amazon.com  Da vinci code/i_Author_a-icon a-icon-checkbox' is checked

31-01-2024T19:47:47 - [MESSAGE][PASSED] - Object 'Object Repository/Amazon_OR/Page_Amazon.com  Da vinci code/i_Author_a-icon a-icon-checkbox' is checked

31-01-2024T19:47:47 - [TEST_STEP][PASSED] - out.println("element checked"): null

31-01-2024T19:47:47 - [TEST_STEP][PASSED] - delay(3): Delayed 3 second(s)

31-01-2024T19:47:50 - [MESSAGE][PASSED] - Delayed 3 second(s)

31-01-2024T19:47:50 - [TEST_STEP][PASSED] - Start listener action : sampleAfterTestCase: Browser is closed

31-01-2024T19:47:50 - [TEST_STEP][PASSED] - closeBrowser(): Browser is closed

31-01-2024T19:47:50 - [MESSAGE][PASSED] - Browser is closed]]></system-out>
         <system-err><![CDATA[]]></system-err>
      </testcase>
      <testcase name="Test Cases/Amazon_Home/TC_Amazon_Validate_DropDownButton" time="44.663" classname="Test Cases/Amazon_Home/TC_Amazon_Validate_DropDownButton" status="PASSED">
         <system-out><![CDATA[31-01-2024T19:47:50 - [TEST_CASE][PASSED] - Test Cases/Amazon_Home/TC_Amazon_Validate_DropDownButton: Test Cases/Amazon_Home/TC_Amazon_Validate_DropDownButton

31-01-2024T19:47:50 - [TEST_STEP][PASSED] - Start listener action : sampleBeforeTestCase: Navigate to 'https://www.amazon.com/' successfully

31-01-2024T19:47:50 - [TEST_STEP][PASSED] - openBrowser(""): Browser is opened with url: ''

31-01-2024T19:47:50 - [MESSAGE][INFO] - Starting 'Chrome' driver

31-01-2024T19:47:50 - [MESSAGE][INFO] - Action delay is set to 0 milliseconds

31-01-2024T19:47:51 - [MESSAGE][PASSED] - Browser is opened with url: ''

31-01-2024T19:47:51 - [TEST_STEP][PASSED] - navigateToUrl("https://www.amazon.com/"): Navigate to 'https://www.amazon.com/' successfully

31-01-2024T19:47:53 - [MESSAGE][PASSED] - Navigate to 'https://www.amazon.com/' successfully

31-01-2024T19:47:53 - [TEST_STEP][PASSED] - openBrowser(""): Browser is opened with url: ''

31-01-2024T19:47:53 - [MESSAGE][WARNING] - A browser is already opened. Closing browser and opening a new one

31-01-2024T19:47:53 - [MESSAGE][INFO] - Starting 'Chrome' driver

31-01-2024T19:47:53 - [MESSAGE][INFO] - Action delay is set to 0 milliseconds

31-01-2024T19:47:54 - [MESSAGE][PASSED] - Browser is opened with url: ''

31-01-2024T19:47:54 - [TEST_STEP][PASSED] - navigateToUrl("www.amazon.com"): Navigate to 'http://www.amazon.com' successfully

31-01-2024T19:47:57 - [MESSAGE][PASSED] - Navigate to 'http://www.amazon.com' successfully

31-01-2024T19:47:57 - [TEST_STEP][PASSED] - refresh(): Refresh successfully

31-01-2024T19:47:57 - [MESSAGE][PASSED] - Refresh successfully

31-01-2024T19:47:57 - [TEST_STEP][PASSED] - click(findTestObject("Object Repository/Amazon_OR/Page_Amazon.com. Spend less. Smile more/select_All Departments        Arts  Crafts _135c92")): Object: 'Object Repository/Amazon_OR/Page_Amazon.com. Spend less. Smile more/select_All Departments        Arts  Crafts _135c92' is clicked on

31-01-2024T19:48:09 - [MESSAGE][PASSED] - Object: 'Object Repository/Amazon_OR/Page_Amazon.com. Spend less. Smile more/select_All Departments        Arts  Crafts _135c92' is clicked on

31-01-2024T19:48:09 - [TEST_STEP][PASSED] - selectOptionByValue(findTestObject("Object Repository/Amazon_OR/Page_Amazon.com. Spend less. Smile more/select_All Departments        Arts  Crafts _135c92"), "search-alias=stripbooks-intl-ship", true): All options with value 'search-alias=stripbooks-intl-ship' are selected in object 'Object Repository/Amazon_OR/Page_Amazon.com. Spend less. Smile more/select_All Departments        Arts  Crafts _135c92'  using regular expression

31-01-2024T19:48:15 - [MESSAGE][PASSED] - All options with value 'search-alias=stripbooks-intl-ship' are selected in object 'Object Repository/Amazon_OR/Page_Amazon.com. Spend less. Smile more/select_All Departments        Arts  Crafts _135c92'  using regular expression

31-01-2024T19:48:15 - [TEST_STEP][PASSED] - setText(findTestObject("Object Repository/Amazon_OR/Page_Amazon.com. Spend less. Smile more/input_field-keywords"), "Da vinci code"): Text 'Da vinci code' is set on object 'Object Repository/Amazon_OR/Page_Amazon.com. Spend less. Smile more/input_field-keywords'

31-01-2024T19:48:17 - [MESSAGE][PASSED] - Text 'Da vinci code' is set on object 'Object Repository/Amazon_OR/Page_Amazon.com. Spend less. Smile more/input_field-keywords'

31-01-2024T19:48:17 - [TEST_STEP][PASSED] - click(findTestObject("Amazon_OR/Page_Amazon.com. Spend less. Smile more/inputnav-search-submit-button")): Object: 'Object Repository/Amazon_OR/Page_Amazon.com. Spend less. Smile more/inputnav-search-submit-button' is clicked on

31-01-2024T19:48:26 - [MESSAGE][PASSED] - Object: 'Object Repository/Amazon_OR/Page_Amazon.com. Spend less. Smile more/inputnav-search-submit-button' is clicked on

31-01-2024T19:48:26 - [TEST_STEP][PASSED] - click(findTestObject("Object Repository/Amazon_OR/Page_Amazon.com  Da vinci code/i_Author_a-icon a-icon-checkbox")): Object: 'Object Repository/Amazon_OR/Page_Amazon.com  Da vinci code/i_Author_a-icon a-icon-checkbox' is clicked on

31-01-2024T19:48:30 - [MESSAGE][PASSED] - Object: 'Object Repository/Amazon_OR/Page_Amazon.com  Da vinci code/i_Author_a-icon a-icon-checkbox' is clicked on

31-01-2024T19:48:30 - [TEST_STEP][PASSED] - unchecked = verifyElementNotChecked(findTestObject("Object Repository/Amazon_OR/Page_Amazon.com  Da vinci code/i_Author_a-icon a-icon-checkbox"), 0): Object 'Object Repository/Amazon_OR/Page_Amazon.com  Da vinci code/i_Author_a-icon a-icon-checkbox' is not checked

31-01-2024T19:48:30 - [MESSAGE][WARNING] - Timeout '0' is invalid. Using default page load timeout: '30'

31-01-2024T19:48:31 - [MESSAGE][PASSED] - Object 'Object Repository/Amazon_OR/Page_Amazon.com  Da vinci code/i_Author_a-icon a-icon-checkbox' is not checked

31-01-2024T19:48:31 - [TEST_STEP][PASSED] - if (unchecked == true): null

31-01-2024T19:48:31 - [TEST_STEP][PASSED] - out.println("element not checked"): null

31-01-2024T19:48:31 - [TEST_STEP][PASSED] - check(findTestObject("Object Repository/Amazon_OR/Page_Amazon.com  Da vinci code/i_Author_a-icon a-icon-checkbox")): Object 'Object Repository/Amazon_OR/Page_Amazon.com  Da vinci code/i_Author_a-icon a-icon-checkbox' is checked

31-01-2024T19:48:32 - [MESSAGE][PASSED] - Object 'Object Repository/Amazon_OR/Page_Amazon.com  Da vinci code/i_Author_a-icon a-icon-checkbox' is checked

31-01-2024T19:48:32 - [TEST_STEP][PASSED] - out.println("element checked"): null

31-01-2024T19:48:32 - [TEST_STEP][PASSED] - delay(3): Delayed 3 second(s)

31-01-2024T19:48:35 - [MESSAGE][PASSED] - Delayed 3 second(s)

31-01-2024T19:48:35 - [TEST_STEP][PASSED] - Start listener action : sampleAfterTestCase: Browser is closed

31-01-2024T19:48:35 - [TEST_STEP][PASSED] - closeBrowser(): Browser is closed

31-01-2024T19:48:35 - [MESSAGE][PASSED] - Browser is closed]]></system-out>
         <system-err><![CDATA[]]></system-err>
      </testcase>
      <system-out><![CDATA[31-01-2024T19:46:47 - [TEST_SUITE][PASSED] - Amazon_TestSuite_Buttons: Test Cases/Amazon_Home/TC_Amazon_Validate_DropDownButton]]></system-out>
      <system-err><![CDATA[]]></system-err>
   </testsuite>
</testsuites>
