<?xml version="1.0" encoding="UTF-8"?>
<testsuites name="Amazon_testsuite_Cart_001" time="82.776" tests="2" failures="0" errors="0">
   <testsuite name="Amazon_testsuite_Cart_001" tests="2" failures="0" errors="0" time="82.776" skipped="0" timestamp="2024-01-27 09:11:53" hostname="Rishi - Rishi" id="Test Suites/Amazon/Amazon_testsuite_Cart_001">
      <properties>
         <property name="deviceName" value=""/>
         <property name="devicePlatform" value=""/>
         <property name="logFolder" value="C:\\Users\\Rishi\\git\\Katalon_Automation_Testing_SB_GITHub\\Reports\\20240127_091149\\Amazon\\Amazon_testsuite_Cart_001\\20240127_091150"/>
         <property name="logFiles" value="C:\\Users\\Rishi\\git\\Katalon_Automation_Testing_SB_GITHub\\Reports\\20240127_091149\\Amazon\\Amazon_testsuite_Cart_001\\20240127_091150\\execution0.log"/>
         <property name="attachments" value=""/>
         <property name="hostName" value="Rishi - Rishi"/>
         <property name="os" value="Windows 11 64bit"/>
         <property name="katalonVersion" value="8.6.8.208"/>
         <property name="browser" value="Chrome 121.0.0.0"/>
         <property name="hostAddress" value="192.168.56.1"/>
         <property name="sessionId" value="d843ec07609d8c574ce6f6a0d5c5cbec"/>
         <property name="seleniumVersion" value="3.141.59"/>
         <property name="proxyInformation" value="ProxyInformation { proxyOption=NO_PROXY, proxyServerType=HTTP, username=, password=********, proxyServerAddress=, proxyServerPort=0, executionList=&quot;&quot;, isApplyToDesiredCapabilities=true }"/>
         <property name="platform" value="Windows 11"/>
      </properties>
      <testcase name="Test Cases/Amazon_Home/TC_AMAZON_HOME_VALIDATE_Add_To_Cart-007" time="60.651" classname="Test Cases/Amazon_Home/TC_AMAZON_HOME_VALIDATE_Add_To_Cart-007" status="PASSED">
         <system-out><![CDATA[2024-01-27 09:11:53 - [TEST_CASE][PASSED] - Test Cases/Amazon_Home/TC_AMAZON_HOME_VALIDATE_Add_To_Cart-007: Test Cases/Amazon_Home/TC_AMAZON_HOME_VALIDATE_Add_To_Cart-007

2024-01-27 09:11:53 - [TEST_STEP][PASSED] - openBrowser(""): Browser is opened with url: ''

2024-01-27 09:11:54 - [MESSAGE][INFO] - Starting 'Chrome' driver

2024-01-27 09:11:54 - [MESSAGE][INFO] - Action delay is set to 0 milliseconds

2024-01-27 09:11:56 - [MESSAGE][PASSED] - Browser is opened with url: ''

2024-01-27 09:11:56 - [TEST_STEP][PASSED] - navigateToUrl("https://www.amazon.com/"): Navigate to 'https://www.amazon.com/' successfully

2024-01-27 09:11:57 - [MESSAGE][PASSED] - Navigate to 'https://www.amazon.com/' successfully

2024-01-27 09:11:57 - [TEST_STEP][PASSED] - setText(findTestObject("Object Repository/Amazon_OR/Page_Amazon.com. Spend less. Smile more/input_field-keywords"), "book"): Text 'book' is set on object 'Object Repository/Amazon_OR/Page_Amazon.com. Spend less. Smile more/input_field-keywords'

2024-01-27 09:12:08 - [MESSAGE][PASSED] - Text 'book' is set on object 'Object Repository/Amazon_OR/Page_Amazon.com. Spend less. Smile more/input_field-keywords'

2024-01-27 09:12:08 - [TEST_STEP][PASSED] - click(findTestObject("Object Repository/Amazon_OR/Page_Amazon.com. Spend less. Smile more/inputnav-search-submit-button")): Object: 'Object Repository/Amazon_OR/Page_Amazon.com. Spend less. Smile more/inputnav-search-submit-button' is clicked on

2024-01-27 09:12:13 - [MESSAGE][PASSED] - Object: 'Object Repository/Amazon_OR/Page_Amazon.com. Spend less. Smile more/inputnav-search-submit-button' is clicked on

2024-01-27 09:12:13 - [TEST_STEP][PASSED] - click(findTestObject("Amazon_OR/Page_Amazon.com Books/div_Atomic Habits An Easy  Proven Way to Bu_65f9e7", ["variable":""]), STOP_ON_FAILURE): Object: 'Object Repository/Amazon_OR/Page_Amazon.com Books/div_Atomic Habits An Easy  Proven Way to Bu_65f9e7' is clicked on

2024-01-27 09:12:14 - [MESSAGE][PASSED] - Object: 'Object Repository/Amazon_OR/Page_Amazon.com Books/div_Atomic Habits An Easy  Proven Way to Bu_65f9e7' is clicked on

2024-01-27 09:12:14 - [TEST_STEP][PASSED] - click(findTestObject("Object Repository/Amazon_OR/Page_Amazon.com Books/input_submit.addToCart")): Object: 'Object Repository/Amazon_OR/Page_Amazon.com Books/input_submit.addToCart' is clicked on

2024-01-27 09:12:19 - [MESSAGE][PASSED] - Object: 'Object Repository/Amazon_OR/Page_Amazon.com Books/input_submit.addToCart' is clicked on

2024-01-27 09:12:19 - [TEST_STEP][PASSED] - click(findTestObject("Amazon_OR/Page_Amazon.com Shopping Cart/a_0                                                Cart")): Object: 'Object Repository/Amazon_OR/Page_Amazon.com Shopping Cart/a_0                                                Cart' is clicked on

2024-01-27 09:12:21 - [MESSAGE][PASSED] - Object: 'Object Repository/Amazon_OR/Page_Amazon.com Shopping Cart/a_0                                                Cart' is clicked on

2024-01-27 09:12:21 - [TEST_STEP][PASSED] - click(findTestObject("Object Repository/Amazon_OR/Page_Amazon.com Shopping Cart/input_submit.delete.e6e45d33-2ebf-4db6-b00d_b52dc2")): Object: 'Object Repository/Amazon_OR/Page_Amazon.com Shopping Cart/input_submit.delete.e6e45d33-2ebf-4db6-b00d_b52dc2' is clicked on

2024-01-27 09:12:53 - [MESSAGE][INFO] - Unable to find the element located by 'By.xpath: //input[@name='submit.delete.e6e45d33-2ebf-4db6-b00d-85dae73e4dfa']'. Please recheck the objects properties to make sure the desired element is located. 

2024-01-27 09:12:53 - [MESSAGE][WARNING] - [SELF-HEALING] Failed to find element with id 'Object Repository/Amazon_OR/Page_Amazon.com Shopping Cart/input_submit.delete.e6e45d33-2ebf-4db6-b00d_b52dc2'. Try using Self-healing.

2024-01-27 09:12:53 - [MESSAGE][WARNING] - [SELF-HEALING] The current locator of test object 'Object Repository/Amazon_OR/Page_Amazon.com Shopping Cart/input_submit.delete.e6e45d33-2ebf-4db6-b00d_b52dc2' was broken. Propose an alternative one: '//span[2]/span/input'.

2024-01-27 09:12:53 - [MESSAGE][PASSED] - Object: 'Object Repository/Amazon_OR/Page_Amazon.com Shopping Cart/input_submit.delete.e6e45d33-2ebf-4db6-b00d_b52dc2' is clicked on

2024-01-27 09:12:53 - [TEST_STEP][PASSED] - closeBrowser(): Browser is closed

2024-01-27 09:12:54 - [MESSAGE][PASSED] - Browser is closed]]></system-out>
         <system-err><![CDATA[]]></system-err>
      </testcase>
      <testcase name="Test Cases/Amazon_Home/TC_AMAZON_HOME_VALIDATE_Remove_From_Cart-008" time="21.865" classname="Test Cases/Amazon_Home/TC_AMAZON_HOME_VALIDATE_Remove_From_Cart-008" status="PASSED">
         <system-out><![CDATA[2024-01-27 09:12:54 - [TEST_CASE][PASSED] - Test Cases/Amazon_Home/TC_AMAZON_HOME_VALIDATE_Remove_From_Cart-008: Test Cases/Amazon_Home/TC_AMAZON_HOME_VALIDATE_Remove_From_Cart-008

2024-01-27 09:12:54 - [TEST_STEP][PASSED] - openBrowser(""): Browser is opened with url: ''

2024-01-27 09:12:54 - [MESSAGE][INFO] - Starting 'Chrome' driver

2024-01-27 09:12:54 - [MESSAGE][INFO] - Action delay is set to 0 milliseconds

2024-01-27 09:12:55 - [MESSAGE][PASSED] - Browser is opened with url: ''

2024-01-27 09:12:55 - [TEST_STEP][PASSED] - navigateToUrl("https://www.amazon.com/"): Navigate to 'https://www.amazon.com/' successfully

2024-01-27 09:12:56 - [MESSAGE][PASSED] - Navigate to 'https://www.amazon.com/' successfully

2024-01-27 09:12:56 - [TEST_STEP][PASSED] - setText(findTestObject("Object Repository/Amazon_OR/Page_Amazon.com. Spend less. Smile more/input_field-keywords"), "BOOK"): Text 'BOOK' is set on object 'Object Repository/Amazon_OR/Page_Amazon.com. Spend less. Smile more/input_field-keywords'

2024-01-27 09:13:04 - [MESSAGE][PASSED] - Text 'BOOK' is set on object 'Object Repository/Amazon_OR/Page_Amazon.com. Spend less. Smile more/input_field-keywords'

2024-01-27 09:13:04 - [TEST_STEP][PASSED] - click(findTestObject("Object Repository/Amazon_OR/Page_Amazon.com. Spend less. Smile more/inputnav-search-submit-button")): Object: 'Object Repository/Amazon_OR/Page_Amazon.com. Spend less. Smile more/inputnav-search-submit-button' is clicked on

2024-01-27 09:13:09 - [MESSAGE][PASSED] - Object: 'Object Repository/Amazon_OR/Page_Amazon.com. Spend less. Smile more/inputnav-search-submit-button' is clicked on

2024-01-27 09:13:09 - [TEST_STEP][PASSED] - click(findTestObject("Object Repository/Amazon_OR/Page_Amazon.com Books/img_a-dynamic-image p13n-sc-dynamic-image p_302d0a")): Object: 'Object Repository/Amazon_OR/Page_Amazon.com Books/img_a-dynamic-image p13n-sc-dynamic-image p_302d0a' is clicked on

2024-01-27 09:13:10 - [MESSAGE][PASSED] - Object: 'Object Repository/Amazon_OR/Page_Amazon.com Books/img_a-dynamic-image p13n-sc-dynamic-image p_302d0a' is clicked on

2024-01-27 09:13:10 - [TEST_STEP][PASSED] - click(findTestObject("Object Repository/Amazon_OR/Page_Amazon.com Books/input_submit.addToCart")): Object: 'Object Repository/Amazon_OR/Page_Amazon.com Books/input_submit.addToCart' is clicked on

2024-01-27 09:13:14 - [MESSAGE][PASSED] - Object: 'Object Repository/Amazon_OR/Page_Amazon.com Books/input_submit.addToCart' is clicked on

2024-01-27 09:13:14 - [TEST_STEP][PASSED] - click(findTestObject("Object Repository/Amazon_OR/Page_Amazon.com Shopping Cart/div_Added to Cart")): Object: 'Object Repository/Amazon_OR/Page_Amazon.com Shopping Cart/div_Added to Cart' is clicked on

2024-01-27 09:13:15 - [MESSAGE][PASSED] - Object: 'Object Repository/Amazon_OR/Page_Amazon.com Shopping Cart/div_Added to Cart' is clicked on]]></system-out>
         <system-err><![CDATA[]]></system-err>
      </testcase>
      <system-out><![CDATA[2024-01-27 09:11:53 - [TEST_SUITE][PASSED] - Amazon_testsuite_Cart_001: Test Cases/Amazon_Home/TC_AMAZON_HOME_VALIDATE_Remove_From_Cart-008]]></system-out>
      <system-err><![CDATA[]]></system-err>
   </testsuite>
</testsuites>
