<?xml version="1.0" encoding="UTF-8"?>
<testsuites name="Amazon_testsuite_ShoppingList_002" time="100.165" tests="2" failures="0" errors="0">
   <testsuite name="Amazon_testsuite_ShoppingList_002" tests="2" failures="0" errors="0" time="100.165" skipped="0" timestamp="2024-01-27 09:14:45" hostname="Rishi - Rishi" id="Test Suites/Amazon/Amazon_testsuite_ShoppingList_002">
      <properties>
         <property name="deviceName" value=""/>
         <property name="devicePlatform" value=""/>
         <property name="logFolder" value="C:\\Users\\Rishi\\git\\Katalon_Automation_Testing_SB_GITHub\\Reports\\20240127_091439\\Amazon\\Amazon_testsuite_ShoppingList_002\\20240127_091439"/>
         <property name="logFiles" value="C:\\Users\\Rishi\\git\\Katalon_Automation_Testing_SB_GITHub\\Reports\\20240127_091439\\Amazon\\Amazon_testsuite_ShoppingList_002\\20240127_091439\\execution0.log"/>
         <property name="attachments" value=""/>
         <property name="hostName" value="Rishi - Rishi"/>
         <property name="os" value="Windows 11 64bit"/>
         <property name="katalonVersion" value="8.6.8.208"/>
         <property name="browser" value="Chrome 121.0.0.0"/>
         <property name="hostAddress" value="192.168.56.1"/>
         <property name="sessionId" value="06448e0e2ce87f326508245dcb96459c"/>
         <property name="seleniumVersion" value="3.141.59"/>
         <property name="proxyInformation" value="ProxyInformation { proxyOption=NO_PROXY, proxyServerType=HTTP, username=, password=********, proxyServerAddress=, proxyServerPort=0, executionList=&quot;&quot;, isApplyToDesiredCapabilities=true }"/>
         <property name="platform" value="Windows 11"/>
      </properties>
      <testcase name="Test Cases/Amazon_Home/TC_AMAZON_HOME_VALIDATE_Remove_from_Shopping_List-006" time="51.884" classname="Test Cases/Amazon_Home/TC_AMAZON_HOME_VALIDATE_Remove_from_Shopping_List-006" status="PASSED">
         <system-out><![CDATA[2024-01-27 09:14:45 - [TEST_CASE][PASSED] - Test Cases/Amazon_Home/TC_AMAZON_HOME_VALIDATE_Remove_from_Shopping_List-006: Test Cases/Amazon_Home/TC_AMAZON_HOME_VALIDATE_Remove_from_Shopping_List-006

2024-01-27 09:14:45 - [TEST_STEP][PASSED] - openBrowser(""): Browser is opened with url: ''

2024-01-27 09:14:46 - [MESSAGE][INFO] - Starting 'Chrome' driver

2024-01-27 09:14:46 - [MESSAGE][INFO] - Action delay is set to 0 milliseconds

2024-01-27 09:14:48 - [MESSAGE][PASSED] - Browser is opened with url: ''

2024-01-27 09:14:48 - [TEST_STEP][PASSED] - navigateToUrl("https://www.amazon.com/"): Navigate to 'https://www.amazon.com/' successfully

2024-01-27 09:14:50 - [MESSAGE][PASSED] - Navigate to 'https://www.amazon.com/' successfully

2024-01-27 09:14:50 - [TEST_STEP][PASSED] - click(findTestObject("Object Repository/Amazon_OR/Page_Amazon.com. Spend less. Smile more/span_Hello, sign in")): Object: 'Object Repository/Amazon_OR/Page_Amazon.com. Spend less. Smile more/span_Hello, sign in' is clicked on

2024-01-27 09:15:00 - [MESSAGE][PASSED] - Object: 'Object Repository/Amazon_OR/Page_Amazon.com. Spend less. Smile more/span_Hello, sign in' is clicked on

2024-01-27 09:15:00 - [TEST_STEP][PASSED] - setText(findTestObject("Object Repository/Amazon_OR/Page_Amazon Sign-In/input_Email or mobile phone number_email"), "7387131032"): Text '7387131032' is set on object 'Object Repository/Amazon_OR/Page_Amazon Sign-In/input_Email or mobile phone number_email'

2024-01-27 09:15:01 - [MESSAGE][PASSED] - Text '7387131032' is set on object 'Object Repository/Amazon_OR/Page_Amazon Sign-In/input_Email or mobile phone number_email'

2024-01-27 09:15:01 - [TEST_STEP][PASSED] - click(findTestObject("Object Repository/Amazon_OR/Page_Amazon Sign-In/input_Enter your email or mobile phone number_continue")): Object: 'Object Repository/Amazon_OR/Page_Amazon Sign-In/input_Enter your email or mobile phone number_continue' is clicked on

2024-01-27 09:15:03 - [MESSAGE][PASSED] - Object: 'Object Repository/Amazon_OR/Page_Amazon Sign-In/input_Enter your email or mobile phone number_continue' is clicked on

2024-01-27 09:15:03 - [TEST_STEP][PASSED] - setText(findTestObject("Object Repository/Amazon_OR/Page_Amazon Sign-In/input_Forgot your password_password"), "Pass@123"): Text 'Pass@123' is set on object 'Object Repository/Amazon_OR/Page_Amazon Sign-In/input_Forgot your password_password'

2024-01-27 09:15:04 - [MESSAGE][PASSED] - Text 'Pass@123' is set on object 'Object Repository/Amazon_OR/Page_Amazon Sign-In/input_Forgot your password_password'

2024-01-27 09:15:04 - [TEST_STEP][PASSED] - click(findTestObject("Object Repository/Amazon_OR/Page_Amazon Sign-In/input_Enter your password_signInSubmit")): Object: 'Object Repository/Amazon_OR/Page_Amazon Sign-In/input_Enter your password_signInSubmit' is clicked on

2024-01-27 09:15:05 - [MESSAGE][PASSED] - Object: 'Object Repository/Amazon_OR/Page_Amazon Sign-In/input_Enter your password_signInSubmit' is clicked on

2024-01-27 09:15:05 - [TEST_STEP][PASSED] - selectOptionByValue(findTestObject("Object Repository/Amazon_OR/Page_Amazon.com. Spend less. Smile more/select_All Departments        Arts  Crafts _135c92"), "search-alias=stripbooks-intl-ship", true): All options with value 'search-alias=stripbooks-intl-ship' are selected in object 'Object Repository/Amazon_OR/Page_Amazon.com. Spend less. Smile more/select_All Departments        Arts  Crafts _135c92'  using regular expression

2024-01-27 09:15:13 - [MESSAGE][PASSED] - All options with value 'search-alias=stripbooks-intl-ship' are selected in object 'Object Repository/Amazon_OR/Page_Amazon.com. Spend less. Smile more/select_All Departments        Arts  Crafts _135c92'  using regular expression

2024-01-27 09:15:13 - [TEST_STEP][PASSED] - setText(findTestObject("Object Repository/Amazon_OR/Page_Amazon.com. Spend less. Smile more/input_field-keywords"), "Da vinci code"): Text 'Da vinci code' is set on object 'Object Repository/Amazon_OR/Page_Amazon.com. Spend less. Smile more/input_field-keywords'

2024-01-27 09:15:15 - [MESSAGE][PASSED] - Text 'Da vinci code' is set on object 'Object Repository/Amazon_OR/Page_Amazon.com. Spend less. Smile more/input_field-keywords'

2024-01-27 09:15:15 - [TEST_STEP][PASSED] - click(findTestObject("Object Repository/Amazon_OR/Page_Amazon.com. Spend less. Smile more/inputnav-search-submit-button")): Object: 'Object Repository/Amazon_OR/Page_Amazon.com. Spend less. Smile more/inputnav-search-submit-button' is clicked on

2024-01-27 09:15:20 - [MESSAGE][PASSED] - Object: 'Object Repository/Amazon_OR/Page_Amazon.com. Spend less. Smile more/inputnav-search-submit-button' is clicked on

2024-01-27 09:15:20 - [TEST_STEP][PASSED] - click(findTestObject("Object Repository/Amazon_OR/Page_Amazon.com  Da vinci code/span_The Da Vinci Code (Robert Langdon)")): Object: 'Object Repository/Amazon_OR/Page_Amazon.com  Da vinci code/span_The Da Vinci Code (Robert Langdon)' is clicked on

2024-01-27 09:15:28 - [MESSAGE][PASSED] - Object: 'Object Repository/Amazon_OR/Page_Amazon.com  Da vinci code/span_The Da Vinci Code (Robert Langdon)' is clicked on

2024-01-27 09:15:28 - [TEST_STEP][PASSED] - click(findTestObject("Object Repository/Amazon_OR/Page_The Da Vinci Code (Robert Langdon) Bro_e0923b/input_submit.add-to-registry.wishlist")): Object: 'Object Repository/Amazon_OR/Page_The Da Vinci Code (Robert Langdon) Bro_e0923b/input_submit.add-to-registry.wishlist' is clicked on

2024-01-27 09:15:30 - [MESSAGE][PASSED] - Object: 'Object Repository/Amazon_OR/Page_The Da Vinci Code (Robert Langdon) Bro_e0923b/input_submit.add-to-registry.wishlist' is clicked on

2024-01-27 09:15:30 - [TEST_STEP][PASSED] - click(findTestObject("Object Repository/Amazon_OR/Page_The Da Vinci Code (Robert Langdon) Bro_e0923b/a_View Your List")): Object: 'Object Repository/Amazon_OR/Page_The Da Vinci Code (Robert Langdon) Bro_e0923b/a_View Your List' is clicked on

2024-01-27 09:15:33 - [MESSAGE][PASSED] - Object: 'Object Repository/Amazon_OR/Page_The Da Vinci Code (Robert Langdon) Bro_e0923b/a_View Your List' is clicked on

2024-01-27 09:15:33 - [TEST_STEP][PASSED] - click(findTestObject("Object Repository/Amazon_OR/Page_Amazon.com/input_submit.deleteItem")): Object: 'Object Repository/Amazon_OR/Page_Amazon.com/input_submit.deleteItem' is clicked on

2024-01-27 09:15:35 - [MESSAGE][PASSED] - Object: 'Object Repository/Amazon_OR/Page_Amazon.com/input_submit.deleteItem' is clicked on

2024-01-27 09:15:35 - [TEST_STEP][PASSED] - verifyElementPresent(findTestObject("Object Repository/Amazon_OR/Page_Amazon.com/div_Deleted"), 0): Object 'Object Repository/Amazon_OR/Page_Amazon.com/div_Deleted' is present

2024-01-27 09:15:35 - [MESSAGE][WARNING] - Timeout '0' is invalid. Using default page load timeout: '30'

2024-01-27 09:15:36 - [MESSAGE][PASSED] - Object 'Object Repository/Amazon_OR/Page_Amazon.com/div_Deleted' is present

2024-01-27 09:15:36 - [TEST_STEP][PASSED] - closeBrowser(): Browser is closed

2024-01-27 09:15:37 - [MESSAGE][PASSED] - Browser is closed]]></system-out>
         <system-err><![CDATA[]]></system-err>
      </testcase>
      <testcase name="Test Cases/Amazon_Home/TC_AMAZON_HOME_VALIDATE_Add_To_Shopping_List-005" time="48.019" classname="Test Cases/Amazon_Home/TC_AMAZON_HOME_VALIDATE_Add_To_Shopping_List-005" status="PASSED">
         <system-out><![CDATA[2024-01-27 09:15:37 - [TEST_CASE][PASSED] - Test Cases/Amazon_Home/TC_AMAZON_HOME_VALIDATE_Add_To_Shopping_List-005: Test Cases/Amazon_Home/TC_AMAZON_HOME_VALIDATE_Add_To_Shopping_List-005

2024-01-27 09:15:37 - [TEST_STEP][PASSED] - openBrowser(""): Browser is opened with url: ''

2024-01-27 09:15:37 - [MESSAGE][INFO] - Starting 'Chrome' driver

2024-01-27 09:15:37 - [MESSAGE][INFO] - Action delay is set to 0 milliseconds

2024-01-27 09:15:38 - [MESSAGE][PASSED] - Browser is opened with url: ''

2024-01-27 09:15:38 - [TEST_STEP][PASSED] - navigateToUrl("https://www.amazon.com/"): Navigate to 'https://www.amazon.com/' successfully

2024-01-27 09:15:40 - [MESSAGE][PASSED] - Navigate to 'https://www.amazon.com/' successfully

2024-01-27 09:15:40 - [TEST_STEP][PASSED] - click(findTestObject("Object Repository/Amazon_OR/Page_Amazon.com. Spend less. Smile more/span_Hello, sign in")): Object: 'Object Repository/Amazon_OR/Page_Amazon.com. Spend less. Smile more/span_Hello, sign in' is clicked on

2024-01-27 09:15:55 - [MESSAGE][PASSED] - Object: 'Object Repository/Amazon_OR/Page_Amazon.com. Spend less. Smile more/span_Hello, sign in' is clicked on

2024-01-27 09:15:55 - [TEST_STEP][PASSED] - setText(findTestObject("Object Repository/Amazon_OR/Page_Amazon Sign-In/input_Email or mobile phone number_email"), "7387131032"): Text '7387131032' is set on object 'Object Repository/Amazon_OR/Page_Amazon Sign-In/input_Email or mobile phone number_email'

2024-01-27 09:15:56 - [MESSAGE][PASSED] - Text '7387131032' is set on object 'Object Repository/Amazon_OR/Page_Amazon Sign-In/input_Email or mobile phone number_email'

2024-01-27 09:15:56 - [TEST_STEP][PASSED] - click(findTestObject("Object Repository/Amazon_OR/Page_Amazon Sign-In/input_Enter your email or mobile phone number_continue")): Object: 'Object Repository/Amazon_OR/Page_Amazon Sign-In/input_Enter your email or mobile phone number_continue' is clicked on

2024-01-27 09:15:58 - [MESSAGE][PASSED] - Object: 'Object Repository/Amazon_OR/Page_Amazon Sign-In/input_Enter your email or mobile phone number_continue' is clicked on

2024-01-27 09:15:58 - [TEST_STEP][PASSED] - setText(findTestObject("Object Repository/Amazon_OR/Page_Amazon Sign-In/input_Forgot your password_password"), "Pass@123"): Text 'Pass@123' is set on object 'Object Repository/Amazon_OR/Page_Amazon Sign-In/input_Forgot your password_password'

2024-01-27 09:16:00 - [MESSAGE][PASSED] - Text 'Pass@123' is set on object 'Object Repository/Amazon_OR/Page_Amazon Sign-In/input_Forgot your password_password'

2024-01-27 09:16:00 - [TEST_STEP][PASSED] - click(findTestObject("Object Repository/Amazon_OR/Page_Amazon Sign-In/input_Enter your password_signInSubmit")): Object: 'Object Repository/Amazon_OR/Page_Amazon Sign-In/input_Enter your password_signInSubmit' is clicked on

2024-01-27 09:16:00 - [MESSAGE][PASSED] - Object: 'Object Repository/Amazon_OR/Page_Amazon Sign-In/input_Enter your password_signInSubmit' is clicked on

2024-01-27 09:16:00 - [TEST_STEP][PASSED] - selectOptionByValue(findTestObject("Object Repository/Amazon_OR/Page_Amazon.com. Spend less. Smile more/select_All Departments        Arts  Crafts _135c92"), "search-alias=stripbooks-intl-ship", true): All options with value 'search-alias=stripbooks-intl-ship' are selected in object 'Object Repository/Amazon_OR/Page_Amazon.com. Spend less. Smile more/select_All Departments        Arts  Crafts _135c92'  using regular expression

2024-01-27 09:16:09 - [MESSAGE][PASSED] - All options with value 'search-alias=stripbooks-intl-ship' are selected in object 'Object Repository/Amazon_OR/Page_Amazon.com. Spend less. Smile more/select_All Departments        Arts  Crafts _135c92'  using regular expression

2024-01-27 09:16:09 - [TEST_STEP][PASSED] - setText(findTestObject("Object Repository/Amazon_OR/Page_Amazon.com. Spend less. Smile more/input_field-keywords"), "Da vinci code"): Text 'Da vinci code' is set on object 'Object Repository/Amazon_OR/Page_Amazon.com. Spend less. Smile more/input_field-keywords'

2024-01-27 09:16:10 - [MESSAGE][PASSED] - Text 'Da vinci code' is set on object 'Object Repository/Amazon_OR/Page_Amazon.com. Spend less. Smile more/input_field-keywords'

2024-01-27 09:16:10 - [TEST_STEP][PASSED] - click(findTestObject("Object Repository/Amazon_OR/Page_Amazon.com. Spend less. Smile more/inputnav-search-submit-button")): Object: 'Object Repository/Amazon_OR/Page_Amazon.com. Spend less. Smile more/inputnav-search-submit-button' is clicked on

2024-01-27 09:16:13 - [MESSAGE][PASSED] - Object: 'Object Repository/Amazon_OR/Page_Amazon.com. Spend less. Smile more/inputnav-search-submit-button' is clicked on

2024-01-27 09:16:13 - [TEST_STEP][PASSED] - click(findTestObject("Object Repository/Amazon_OR/Page_Amazon.com  Da vinci code/span_The Da Vinci Code (Robert Langdon)")): Object: 'Object Repository/Amazon_OR/Page_Amazon.com  Da vinci code/span_The Da Vinci Code (Robert Langdon)' is clicked on

2024-01-27 09:16:21 - [MESSAGE][PASSED] - Object: 'Object Repository/Amazon_OR/Page_Amazon.com  Da vinci code/span_The Da Vinci Code (Robert Langdon)' is clicked on

2024-01-27 09:16:21 - [TEST_STEP][PASSED] - click(findTestObject("Object Repository/Amazon_OR/Page_The Da Vinci Code (Robert Langdon) Bro_e0923b/input_submit.add-to-registry.wishlist")): Object: 'Object Repository/Amazon_OR/Page_The Da Vinci Code (Robert Langdon) Bro_e0923b/input_submit.add-to-registry.wishlist' is clicked on

2024-01-27 09:16:22 - [MESSAGE][PASSED] - Object: 'Object Repository/Amazon_OR/Page_The Da Vinci Code (Robert Langdon) Bro_e0923b/input_submit.add-to-registry.wishlist' is clicked on

2024-01-27 09:16:22 - [TEST_STEP][PASSED] - verifyElementPresent(findTestObject("Object Repository/Amazon_OR/Page_The Da Vinci Code (Robert Langdon) Bro_e0923b/span_1 item added to"), 0): Object 'Object Repository/Amazon_OR/Page_The Da Vinci Code (Robert Langdon) Bro_e0923b/span_1 item added to' is present

2024-01-27 09:16:22 - [MESSAGE][WARNING] - Timeout '0' is invalid. Using default page load timeout: '30'

2024-01-27 09:16:24 - [MESSAGE][PASSED] - Object 'Object Repository/Amazon_OR/Page_The Da Vinci Code (Robert Langdon) Bro_e0923b/span_1 item added to' is present

2024-01-27 09:16:24 - [TEST_STEP][PASSED] - closeBrowser(): Browser is closed

2024-01-27 09:16:25 - [MESSAGE][PASSED] - Browser is closed]]></system-out>
         <system-err><![CDATA[]]></system-err>
      </testcase>
      <system-out><![CDATA[2024-01-27 09:14:45 - [TEST_SUITE][PASSED] - Amazon_testsuite_ShoppingList_002: Test Cases/Amazon_Home/TC_AMAZON_HOME_VALIDATE_Add_To_Shopping_List-005]]></system-out>
      <system-err><![CDATA[]]></system-err>
   </testsuite>
</testsuites>
