<?xml version="1.0" encoding="UTF-8"?>
<testsuites name="Amazon_testsuite_Login-Register_003" time="100.522" tests="4" failures="0" errors="0">
   <testsuite name="Amazon_testsuite_Login-Register_003" tests="4" failures="0" errors="0" time="100.522" skipped="0" timestamp="2024-01-27 09:09:21" hostname="Rishi - Rishi" id="Test Suites/Amazon/Amazon_testsuite_Login-Register_003">
      <properties>
         <property name="deviceName" value=""/>
         <property name="devicePlatform" value=""/>
         <property name="logFolder" value="C:\\Users\\Rishi\\git\\Katalon_Automation_Testing_SB_GITHub\\Reports\\20240127_090919\\Amazon\\Amazon_testsuite_Login-Register_003\\20240127_090919"/>
         <property name="logFiles" value="C:\\Users\\Rishi\\git\\Katalon_Automation_Testing_SB_GITHub\\Reports\\20240127_090919\\Amazon\\Amazon_testsuite_Login-Register_003\\20240127_090919\\execution0.log"/>
         <property name="attachments" value=""/>
         <property name="hostName" value="Rishi - Rishi"/>
         <property name="os" value="Windows 11 64bit"/>
         <property name="katalonVersion" value="8.6.8.208"/>
         <property name="browser" value="Chrome 121.0.0.0"/>
         <property name="hostAddress" value="192.168.56.1"/>
         <property name="sessionId" value="0efed821dc28b11fd516f0fbad191d80"/>
         <property name="seleniumVersion" value="3.141.59"/>
         <property name="proxyInformation" value="ProxyInformation { proxyOption=NO_PROXY, proxyServerType=HTTP, username=, password=********, proxyServerAddress=, proxyServerPort=0, executionList=&quot;&quot;, isApplyToDesiredCapabilities=true }"/>
         <property name="platform" value="Windows 11"/>
      </properties>
      <testcase name="Test Cases/Amazon_Home/TC_AMAZON_HOME_VALIDATE_SIGN_IN-002" time="28.902" classname="Test Cases/Amazon_Home/TC_AMAZON_HOME_VALIDATE_SIGN_IN-002" status="PASSED">
         <system-out><![CDATA[2024-01-27 09:09:22 - [TEST_CASE][PASSED] - Test Cases/Amazon_Home/TC_AMAZON_HOME_VALIDATE_SIGN_IN-002: Test Cases/Amazon_Home/TC_AMAZON_HOME_VALIDATE_SIGN_IN-002

2024-01-27 09:09:22 - [TEST_STEP][PASSED] - openBrowser(""): Browser is opened with url: ''

2024-01-27 09:09:22 - [MESSAGE][INFO] - Starting 'Chrome' driver

2024-01-27 09:09:22 - [MESSAGE][INFO] - Action delay is set to 0 milliseconds

2024-01-27 09:09:25 - [MESSAGE][PASSED] - Browser is opened with url: ''

2024-01-27 09:09:25 - [TEST_STEP][PASSED] - navigateToUrl("http://www.amazon.com"): Navigate to 'http://www.amazon.com' successfully

2024-01-27 09:09:27 - [MESSAGE][PASSED] - Navigate to 'http://www.amazon.com' successfully

2024-01-27 09:09:27 - [TEST_STEP][PASSED] - click(findTestObject("Amazon_OR/Page_Amazon Registration/Page_Amazon.com. Spend less. Smile more/span_Hello, sign in")): Object: 'Object Repository/Amazon_OR/Page_Amazon Registration/Page_Amazon.com. Spend less. Smile more/span_Hello, sign in' is clicked on

2024-01-27 09:09:36 - [MESSAGE][PASSED] - Object: 'Object Repository/Amazon_OR/Page_Amazon Registration/Page_Amazon.com. Spend less. Smile more/span_Hello, sign in' is clicked on

2024-01-27 09:09:36 - [TEST_STEP][PASSED] - setText(findTestObject("Amazon_OR/Page_Amazon Sign-In/input_Email or mobile phone number_email"), "7387131032"): Text '7387131032' is set on object 'Object Repository/Amazon_OR/Page_Amazon Sign-In/input_Email or mobile phone number_email'

2024-01-27 09:09:37 - [MESSAGE][PASSED] - Text '7387131032' is set on object 'Object Repository/Amazon_OR/Page_Amazon Sign-In/input_Email or mobile phone number_email'

2024-01-27 09:09:37 - [TEST_STEP][PASSED] - click(findTestObject("Amazon_OR/Page_Amazon Sign-In/input_Enter your email or mobile phone number_continue")): Object: 'Object Repository/Amazon_OR/Page_Amazon Sign-In/input_Enter your email or mobile phone number_continue' is clicked on

2024-01-27 09:09:39 - [MESSAGE][PASSED] - Object: 'Object Repository/Amazon_OR/Page_Amazon Sign-In/input_Enter your email or mobile phone number_continue' is clicked on

2024-01-27 09:09:39 - [TEST_STEP][PASSED] - setText(findTestObject("Amazon_OR/Page_Amazon Sign-In/input_Forgot your password_password"), "Pass@123"): Text 'Pass@123' is set on object 'Object Repository/Amazon_OR/Page_Amazon Sign-In/input_Forgot your password_password'

2024-01-27 09:09:41 - [MESSAGE][PASSED] - Text 'Pass@123' is set on object 'Object Repository/Amazon_OR/Page_Amazon Sign-In/input_Forgot your password_password'

2024-01-27 09:09:41 - [TEST_STEP][PASSED] - click(findTestObject("Amazon_OR/Page_Amazon Sign-In/input_Enter your password_signInSubmit")): Object: 'Object Repository/Amazon_OR/Page_Amazon Sign-In/input_Enter your password_signInSubmit' is clicked on

2024-01-27 09:09:41 - [MESSAGE][PASSED] - Object: 'Object Repository/Amazon_OR/Page_Amazon Sign-In/input_Enter your password_signInSubmit' is clicked on

2024-01-27 09:09:41 - [TEST_STEP][PASSED] - mouseOver(findTestObject("Amazon_OR/Page_Amazon.com. Spend less. Smile more/span_Account  Lists")): Object: 'Object Repository/Amazon_OR/Page_Amazon.com. Spend less. Smile more/span_Account  Lists' is hovered

2024-01-27 09:09:48 - [MESSAGE][PASSED] - Object: 'Object Repository/Amazon_OR/Page_Amazon.com. Spend less. Smile more/span_Account  Lists' is hovered

2024-01-27 09:09:48 - [TEST_STEP][PASSED] - verifyElementPresent(findTestObject("Amazon_OR/Page_Amazon.com. Spend less. Smile more/span_Manage Profiles"), 20): Object 'Object Repository/Amazon_OR/Page_Amazon.com. Spend less. Smile more/span_Manage Profiles' is present

2024-01-27 09:09:50 - [MESSAGE][PASSED] - Object 'Object Repository/Amazon_OR/Page_Amazon.com. Spend less. Smile more/span_Manage Profiles' is present

2024-01-27 09:09:50 - [TEST_STEP][PASSED] - closeBrowser(): Browser is closed

2024-01-27 09:09:51 - [MESSAGE][PASSED] - Browser is closed]]></system-out>
         <system-err><![CDATA[]]></system-err>
      </testcase>
      <testcase name="Test Cases/Amazon_Home/TC_AMAZON_HOME_VALIDATE_SIGN_OUT-003" time="21.523" classname="Test Cases/Amazon_Home/TC_AMAZON_HOME_VALIDATE_SIGN_OUT-003" status="PASSED">
         <system-out><![CDATA[2024-01-27 09:09:51 - [TEST_CASE][PASSED] - Test Cases/Amazon_Home/TC_AMAZON_HOME_VALIDATE_SIGN_OUT-003: Test Cases/Amazon_Home/TC_AMAZON_HOME_VALIDATE_SIGN_OUT-003

2024-01-27 09:09:51 - [TEST_STEP][PASSED] - openBrowser(""): Browser is opened with url: ''

2024-01-27 09:09:51 - [MESSAGE][INFO] - Starting 'Chrome' driver

2024-01-27 09:09:51 - [MESSAGE][INFO] - Action delay is set to 0 milliseconds

2024-01-27 09:09:52 - [MESSAGE][PASSED] - Browser is opened with url: ''

2024-01-27 09:09:52 - [TEST_STEP][PASSED] - navigateToUrl("www.amazon.com"): Navigate to 'http://www.amazon.com' successfully

2024-01-27 09:09:54 - [MESSAGE][PASSED] - Navigate to 'http://www.amazon.com' successfully

2024-01-27 09:09:54 - [TEST_STEP][PASSED] - click(findTestObject("Amazon_OR/Page_Amazon Registration/Page_Amazon.com. Spend less. Smile more/span_Hello, sign in")): Object: 'Object Repository/Amazon_OR/Page_Amazon Registration/Page_Amazon.com. Spend less. Smile more/span_Hello, sign in' is clicked on

2024-01-27 09:10:05 - [MESSAGE][PASSED] - Object: 'Object Repository/Amazon_OR/Page_Amazon Registration/Page_Amazon.com. Spend less. Smile more/span_Hello, sign in' is clicked on

2024-01-27 09:10:05 - [TEST_STEP][PASSED] - click(findTestObject("Amazon_OR/Page_Amazon Sign-In/a_Create your Amazon account")): Object: 'Object Repository/Amazon_OR/Page_Amazon Sign-In/a_Create your Amazon account' is clicked on

2024-01-27 09:10:07 - [MESSAGE][PASSED] - Object: 'Object Repository/Amazon_OR/Page_Amazon Sign-In/a_Create your Amazon account' is clicked on

2024-01-27 09:10:07 - [TEST_STEP][PASSED] - setText(findTestObject("Amazon_OR/Page_Amazon Registration/input_Your name_customerName"), "ABC"): Text 'ABC' is set on object 'Object Repository/Amazon_OR/Page_Amazon Registration/input_Your name_customerName'

2024-01-27 09:10:08 - [MESSAGE][PASSED] - Text 'ABC' is set on object 'Object Repository/Amazon_OR/Page_Amazon Registration/input_Your name_customerName'

2024-01-27 09:10:08 - [TEST_STEP][PASSED] - setText(findTestObject("Amazon_OR/Page_Amazon Registration/input_US 1_email"), "cekipeg119@wentcity.com"): Text 'cekipeg119@wentcity.com' is set on object 'Object Repository/Amazon_OR/Page_Amazon Registration/input_US 1_email'

2024-01-27 09:10:09 - [MESSAGE][PASSED] - Text 'cekipeg119@wentcity.com' is set on object 'Object Repository/Amazon_OR/Page_Amazon Registration/input_US 1_email'

2024-01-27 09:10:09 - [TEST_STEP][PASSED] - setText(findTestObject("Amazon_OR/Page_Amazon Registration/input_Password_password"), "@wentcity.com"): Text '@wentcity.com' is set on object 'Object Repository/Amazon_OR/Page_Amazon Registration/input_Password_password'

2024-01-27 09:10:10 - [MESSAGE][PASSED] - Text '@wentcity.com' is set on object 'Object Repository/Amazon_OR/Page_Amazon Registration/input_Password_password'

2024-01-27 09:10:10 - [TEST_STEP][PASSED] - setText(findTestObject("Amazon_OR/Page_Amazon Registration/input_Re-enter password_passwordCheck"), "@wentcity.com"): Text '@wentcity.com' is set on object 'Object Repository/Amazon_OR/Page_Amazon Registration/input_Re-enter password_passwordCheck'

2024-01-27 09:10:10 - [MESSAGE][PASSED] - Text '@wentcity.com' is set on object 'Object Repository/Amazon_OR/Page_Amazon Registration/input_Re-enter password_passwordCheck'

2024-01-27 09:10:10 - [TEST_STEP][PASSED] - click(findTestObject("Amazon_OR/Page_Amazon Registration/input_Passwords must match_continue")): Object: 'Object Repository/Amazon_OR/Page_Amazon Registration/input_Passwords must match_continue' is clicked on

2024-01-27 09:10:12 - [MESSAGE][PASSED] - Object: 'Object Repository/Amazon_OR/Page_Amazon Registration/input_Passwords must match_continue' is clicked on]]></system-out>
         <system-err><![CDATA[]]></system-err>
      </testcase>
      <testcase name="Test Cases/Amazon_Home/TC_AMAZON_HOME_VALIDATE_SIGN_UP-001" time="22.53" classname="Test Cases/Amazon_Home/TC_AMAZON_HOME_VALIDATE_SIGN_UP-001" status="PASSED">
         <system-out><![CDATA[2024-01-27 09:10:12 - [TEST_CASE][PASSED] - Test Cases/Amazon_Home/TC_AMAZON_HOME_VALIDATE_SIGN_UP-001: Test Cases/Amazon_Home/TC_AMAZON_HOME_VALIDATE_SIGN_UP-001

2024-01-27 09:10:12 - [TEST_STEP][PASSED] - openBrowser(""): Browser is opened with url: ''

2024-01-27 09:10:12 - [MESSAGE][WARNING] - A browser is already opened. Closing browser and opening a new one

2024-01-27 09:10:13 - [MESSAGE][INFO] - Starting 'Chrome' driver

2024-01-27 09:10:13 - [MESSAGE][INFO] - Action delay is set to 0 milliseconds

2024-01-27 09:10:14 - [MESSAGE][PASSED] - Browser is opened with url: ''

2024-01-27 09:10:14 - [TEST_STEP][PASSED] - navigateToUrl("www.amazon.com"): Navigate to 'http://www.amazon.com' successfully

2024-01-27 09:10:16 - [MESSAGE][PASSED] - Navigate to 'http://www.amazon.com' successfully

2024-01-27 09:10:16 - [TEST_STEP][PASSED] - click(findTestObject("Amazon_OR/Page_Amazon Registration/Page_Amazon.com. Spend less. Smile more/span_Hello, sign in")): Object: 'Object Repository/Amazon_OR/Page_Amazon Registration/Page_Amazon.com. Spend less. Smile more/span_Hello, sign in' is clicked on

2024-01-27 09:10:27 - [MESSAGE][PASSED] - Object: 'Object Repository/Amazon_OR/Page_Amazon Registration/Page_Amazon.com. Spend less. Smile more/span_Hello, sign in' is clicked on

2024-01-27 09:10:27 - [TEST_STEP][PASSED] - click(findTestObject("Amazon_OR/Page_Amazon Sign-In/a_Create your Amazon account")): Object: 'Object Repository/Amazon_OR/Page_Amazon Sign-In/a_Create your Amazon account' is clicked on

2024-01-27 09:10:29 - [MESSAGE][PASSED] - Object: 'Object Repository/Amazon_OR/Page_Amazon Sign-In/a_Create your Amazon account' is clicked on

2024-01-27 09:10:29 - [TEST_STEP][PASSED] - setText(findTestObject("Amazon_OR/Page_Amazon Registration/input_Your name_customerName"), "ABC"): Text 'ABC' is set on object 'Object Repository/Amazon_OR/Page_Amazon Registration/input_Your name_customerName'

2024-01-27 09:10:31 - [MESSAGE][PASSED] - Text 'ABC' is set on object 'Object Repository/Amazon_OR/Page_Amazon Registration/input_Your name_customerName'

2024-01-27 09:10:31 - [TEST_STEP][PASSED] - setText(findTestObject("Amazon_OR/Page_Amazon Registration/input_US 1_email"), "cekipeg119@wentcity.com"): Text 'cekipeg119@wentcity.com' is set on object 'Object Repository/Amazon_OR/Page_Amazon Registration/input_US 1_email'

2024-01-27 09:10:31 - [MESSAGE][PASSED] - Text 'cekipeg119@wentcity.com' is set on object 'Object Repository/Amazon_OR/Page_Amazon Registration/input_US 1_email'

2024-01-27 09:10:31 - [TEST_STEP][PASSED] - setText(findTestObject("Amazon_OR/Page_Amazon Registration/input_Password_password"), "@wentcity.com"): Text '@wentcity.com' is set on object 'Object Repository/Amazon_OR/Page_Amazon Registration/input_Password_password'

2024-01-27 09:10:32 - [MESSAGE][PASSED] - Text '@wentcity.com' is set on object 'Object Repository/Amazon_OR/Page_Amazon Registration/input_Password_password'

2024-01-27 09:10:32 - [TEST_STEP][PASSED] - setText(findTestObject("Amazon_OR/Page_Amazon Registration/input_Re-enter password_passwordCheck"), "@wentcity.com"): Text '@wentcity.com' is set on object 'Object Repository/Amazon_OR/Page_Amazon Registration/input_Re-enter password_passwordCheck'

2024-01-27 09:10:33 - [MESSAGE][PASSED] - Text '@wentcity.com' is set on object 'Object Repository/Amazon_OR/Page_Amazon Registration/input_Re-enter password_passwordCheck'

2024-01-27 09:10:33 - [TEST_STEP][PASSED] - click(findTestObject("Amazon_OR/Page_Amazon Registration/input_Passwords must match_continue")): Object: 'Object Repository/Amazon_OR/Page_Amazon Registration/input_Passwords must match_continue' is clicked on

2024-01-27 09:10:35 - [MESSAGE][PASSED] - Object: 'Object Repository/Amazon_OR/Page_Amazon Registration/input_Passwords must match_continue' is clicked on]]></system-out>
         <system-err><![CDATA[]]></system-err>
      </testcase>
      <testcase name="Test Cases/Amazon_Home/TC_AMAZON_HOME_VALIDATE_SIGN_OUT-004" time="27.234" classname="Test Cases/Amazon_Home/TC_AMAZON_HOME_VALIDATE_SIGN_OUT-004" status="PASSED">
         <system-out><![CDATA[2024-01-27 09:10:35 - [TEST_CASE][PASSED] - Test Cases/Amazon_Home/TC_AMAZON_HOME_VALIDATE_SIGN_OUT-004: Test Cases/Amazon_Home/TC_AMAZON_HOME_VALIDATE_SIGN_OUT-004

2024-01-27 09:10:35 - [TEST_STEP][PASSED] - openBrowser(""): Browser is opened with url: ''

2024-01-27 09:10:35 - [MESSAGE][WARNING] - A browser is already opened. Closing browser and opening a new one

2024-01-27 09:10:36 - [MESSAGE][INFO] - Starting 'Chrome' driver

2024-01-27 09:10:36 - [MESSAGE][INFO] - Action delay is set to 0 milliseconds

2024-01-27 09:10:37 - [MESSAGE][PASSED] - Browser is opened with url: ''

2024-01-27 09:10:37 - [TEST_STEP][PASSED] - navigateToUrl("https://www.amazon.com/"): Navigate to 'https://www.amazon.com/' successfully

2024-01-27 09:10:38 - [MESSAGE][PASSED] - Navigate to 'https://www.amazon.com/' successfully

2024-01-27 09:10:38 - [TEST_STEP][PASSED] - click(findTestObject("Amazon_OR/Page_Amazon Registration/Page_Amazon.com. Spend less. Smile more/span_Hello, sign in")): Object: 'Object Repository/Amazon_OR/Page_Amazon Registration/Page_Amazon.com. Spend less. Smile more/span_Hello, sign in' is clicked on

2024-01-27 09:10:46 - [MESSAGE][PASSED] - Object: 'Object Repository/Amazon_OR/Page_Amazon Registration/Page_Amazon.com. Spend less. Smile more/span_Hello, sign in' is clicked on

2024-01-27 09:10:46 - [TEST_STEP][PASSED] - setText(findTestObject("Object Repository/Amazon_OR/Page_Amazon Sign-In/input_Email or mobile phone number_email"), "7387131032"): Text '7387131032' is set on object 'Object Repository/Amazon_OR/Page_Amazon Sign-In/input_Email or mobile phone number_email'

2024-01-27 09:10:48 - [MESSAGE][PASSED] - Text '7387131032' is set on object 'Object Repository/Amazon_OR/Page_Amazon Sign-In/input_Email or mobile phone number_email'

2024-01-27 09:10:48 - [TEST_STEP][PASSED] - click(findTestObject("Object Repository/Amazon_OR/Page_Amazon Sign-In/input_Enter your email or mobile phone number_continue")): Object: 'Object Repository/Amazon_OR/Page_Amazon Sign-In/input_Enter your email or mobile phone number_continue' is clicked on

2024-01-27 09:10:50 - [MESSAGE][PASSED] - Object: 'Object Repository/Amazon_OR/Page_Amazon Sign-In/input_Enter your email or mobile phone number_continue' is clicked on

2024-01-27 09:10:50 - [TEST_STEP][PASSED] - setText(findTestObject("Object Repository/Amazon_OR/Page_Amazon Sign-In/input_Forgot your password_password"), "Pass@123"): Text 'Pass@123' is set on object 'Object Repository/Amazon_OR/Page_Amazon Sign-In/input_Forgot your password_password'

2024-01-27 09:10:52 - [MESSAGE][PASSED] - Text 'Pass@123' is set on object 'Object Repository/Amazon_OR/Page_Amazon Sign-In/input_Forgot your password_password'

2024-01-27 09:10:52 - [TEST_STEP][PASSED] - click(findTestObject("Object Repository/Amazon_OR/Page_Amazon Sign-In/input_Enter your password_signInSubmit")): Object: 'Object Repository/Amazon_OR/Page_Amazon Sign-In/input_Enter your password_signInSubmit' is clicked on

2024-01-27 09:10:52 - [MESSAGE][PASSED] - Object: 'Object Repository/Amazon_OR/Page_Amazon Sign-In/input_Enter your password_signInSubmit' is clicked on

2024-01-27 09:10:52 - [TEST_STEP][PASSED] - mouseOver(findTestObject("Object Repository/Amazon_OR/Page_Manage your Profiles/span_Account  Lists")): Object: 'Object Repository/Amazon_OR/Page_Manage your Profiles/span_Account  Lists' is hovered

2024-01-27 09:10:58 - [MESSAGE][PASSED] - Object: 'Object Repository/Amazon_OR/Page_Manage your Profiles/span_Account  Lists' is hovered

2024-01-27 09:10:58 - [TEST_STEP][PASSED] - click(findTestObject("Object Repository/Amazon_OR/Page_Your Account/span_Sign Out")): Object: 'Object Repository/Amazon_OR/Page_Your Account/span_Sign Out' is clicked on

2024-01-27 09:11:01 - [MESSAGE][PASSED] - Object: 'Object Repository/Amazon_OR/Page_Your Account/span_Sign Out' is clicked on

2024-01-27 09:11:01 - [TEST_STEP][PASSED] - closeBrowser(): Browser is closed

2024-01-27 09:11:02 - [MESSAGE][PASSED] - Browser is closed]]></system-out>
         <system-err><![CDATA[]]></system-err>
      </testcase>
      <system-out><![CDATA[2024-01-27 09:09:21 - [TEST_SUITE][PASSED] - Amazon_testsuite_Login-Register_003: Test Cases/Amazon_Home/TC_AMAZON_HOME_VALIDATE_SIGN_OUT-004]]></system-out>
      <system-err><![CDATA[]]></system-err>
   </testsuite>
</testsuites>
