<?xml version="1.0" encoding="UTF-8"?>
<testsuites name="TestSuite_Amazon" time="41.826" tests="1" failures="0" errors="0">
   <testsuite name="TestSuite_Amazon" tests="1" failures="0" errors="0" time="41.826" skipped="0" timestamp="2024-01-30 02:11:56" hostname="Rishi - Rishi" id="Test Suites/Amazon/TestSuite_Amazon">
      <properties>
         <property name="deviceName" value=""/>
         <property name="devicePlatform" value=""/>
         <property name="logFolder" value="C:\\Users\\Rishi\\git\\Katalon_Automation_Testing_SB_GITHub\\Reports\\20240130_021152\\Amazon\\TestSuite_Amazon\\20240130_021152"/>
         <property name="logFiles" value="C:\\Users\\Rishi\\git\\Katalon_Automation_Testing_SB_GITHub\\Reports\\20240130_021152\\Amazon\\TestSuite_Amazon\\20240130_021152\\execution0.log"/>
         <property name="attachments" value=""/>
         <property name="hostName" value="Rishi - Rishi"/>
         <property name="os" value="Windows 11 64bit"/>
         <property name="katalonVersion" value="8.6.8.208"/>
         <property name="browser" value="Chrome 121.0.0.0"/>
         <property name="hostAddress" value="192.168.56.1"/>
         <property name="sessionId" value="61287b8bb380aa35fe8da98bb67f8ddc"/>
         <property name="seleniumVersion" value="3.141.59"/>
         <property name="proxyInformation" value="ProxyInformation { proxyOption=NO_PROXY, proxyServerType=HTTP, username=, password=********, proxyServerAddress=, proxyServerPort=0, executionList=&quot;&quot;, isApplyToDesiredCapabilities=true }"/>
         <property name="platform" value="Windows 11"/>
      </properties>
      <testcase name="Test Cases/Amazon_Home/TC_AMAZON_HOME_VALIDATE_SIGN_IN-002" time="41.336" classname="Test Cases/Amazon_Home/TC_AMAZON_HOME_VALIDATE_SIGN_IN-002" status="PASSED">
         <system-out><![CDATA[2024-01-30 02:11:56 - [TEST_CASE][PASSED] - Test Cases/Amazon_Home/TC_AMAZON_HOME_VALIDATE_SIGN_IN-002: Test Cases/Amazon_Home/TC_AMAZON_HOME_VALIDATE_SIGN_IN-002

2024-01-30 02:11:57 - [TEST_STEP][PASSED] - openBrowser(""): Browser is opened with url: ''

2024-01-30 02:11:58 - [MESSAGE][INFO] - Starting 'Chrome' driver

2024-01-30 02:11:58 - [MESSAGE][INFO] - Action delay is set to 0 milliseconds

2024-01-30 02:12:00 - [MESSAGE][PASSED] - Browser is opened with url: ''

2024-01-30 02:12:00 - [TEST_STEP][PASSED] - navigateToUrl("http://www.amazon.com"): Navigate to 'http://www.amazon.com' successfully

2024-01-30 02:12:02 - [MESSAGE][PASSED] - Navigate to 'http://www.amazon.com' successfully

2024-01-30 02:12:02 - [TEST_STEP][PASSED] - click(findTestObject("Amazon_OR/Page_Amazon Registration/Page_Amazon.com. Spend less. Smile more/span_Hello, sign in")): Object: 'Object Repository/Amazon_OR/Page_Amazon Registration/Page_Amazon.com. Spend less. Smile more/span_Hello, sign in' is clicked on

2024-01-30 02:12:12 - [MESSAGE][PASSED] - Object: 'Object Repository/Amazon_OR/Page_Amazon Registration/Page_Amazon.com. Spend less. Smile more/span_Hello, sign in' is clicked on

2024-01-30 02:12:12 - [TEST_STEP][PASSED] - setText(findTestObject("Amazon_OR/Page_Amazon Sign-In/input_Email or mobile phone number_email"), mobileno): Text '7387131032' is set on object 'Object Repository/Amazon_OR/Page_Amazon Sign-In/input_Email or mobile phone number_email'

2024-01-30 02:12:13 - [MESSAGE][PASSED] - Text '7387131032' is set on object 'Object Repository/Amazon_OR/Page_Amazon Sign-In/input_Email or mobile phone number_email'

2024-01-30 02:12:13 - [TEST_STEP][PASSED] - click(findTestObject("Amazon_OR/Page_Amazon Sign-In/input_Enter your email or mobile phone number_continue")): Object: 'Object Repository/Amazon_OR/Page_Amazon Sign-In/input_Enter your email or mobile phone number_continue' is clicked on

2024-01-30 02:12:16 - [MESSAGE][PASSED] - Object: 'Object Repository/Amazon_OR/Page_Amazon Sign-In/input_Enter your email or mobile phone number_continue' is clicked on

2024-01-30 02:12:16 - [TEST_STEP][PASSED] - setText(findTestObject("Amazon_OR/Page_Amazon Sign-In/input_Forgot your password_password"), password): Text 'Pass@123' is set on object 'Object Repository/Amazon_OR/Page_Amazon Sign-In/input_Forgot your password_password'

2024-01-30 02:12:17 - [MESSAGE][PASSED] - Text 'Pass@123' is set on object 'Object Repository/Amazon_OR/Page_Amazon Sign-In/input_Forgot your password_password'

2024-01-30 02:12:17 - [TEST_STEP][PASSED] - click(findTestObject("Amazon_OR/Page_Amazon Sign-In/input_Enter your password_signInSubmit")): Object: 'Object Repository/Amazon_OR/Page_Amazon Sign-In/input_Enter your password_signInSubmit' is clicked on

2024-01-30 02:12:18 - [MESSAGE][PASSED] - Object: 'Object Repository/Amazon_OR/Page_Amazon Sign-In/input_Enter your password_signInSubmit' is clicked on

2024-01-30 02:12:18 - [TEST_STEP][PASSED] - mouseOver(findTestObject("Amazon_OR/Page_Amazon.com. Spend less. Smile more/span_Account  Lists")): Object: 'Object Repository/Amazon_OR/Page_Amazon.com. Spend less. Smile more/span_Account  Lists' is hovered

2024-01-30 02:12:34 - [MESSAGE][PASSED] - Object: 'Object Repository/Amazon_OR/Page_Amazon.com. Spend less. Smile more/span_Account  Lists' is hovered

2024-01-30 02:12:34 - [TEST_STEP][PASSED] - verifyElementPresent(findTestObject("Amazon_OR/Page_Amazon.com. Spend less. Smile more/span_Manage Profiles"), 20): Object 'Object Repository/Amazon_OR/Page_Amazon.com. Spend less. Smile more/span_Manage Profiles' is present

2024-01-30 02:12:37 - [MESSAGE][PASSED] - Object 'Object Repository/Amazon_OR/Page_Amazon.com. Spend less. Smile more/span_Manage Profiles' is present

2024-01-30 02:12:37 - [TEST_STEP][PASSED] - closeBrowser(): Browser is closed

2024-01-30 02:12:38 - [MESSAGE][PASSED] - Browser is closed]]></system-out>
         <system-err><![CDATA[]]></system-err>
      </testcase>
      <system-out><![CDATA[2024-01-30 02:11:56 - [TEST_SUITE][PASSED] - TestSuite_Amazon: Test Cases/Amazon_Home/TC_AMAZON_HOME_VALIDATE_SIGN_IN-002]]></system-out>
      <system-err><![CDATA[]]></system-err>
   </testsuite>
</testsuites>
