<?xml version="1.0" encoding="UTF-8"?>
<testsuites name="TestSuite_Amazon - Copy" time="101.919" tests="2" failures="0" errors="0">
   <testsuite name="TestSuite_Amazon - Copy" tests="2" failures="0" errors="0" time="101.919" skipped="0" timestamp="2024-01-30 10:29:15" hostname="Rishi - Rishi" id="Test Suites/Amazon/TestSuite_Amazon - Copy">
      <properties>
         <property name="deviceName" value=""/>
         <property name="devicePlatform" value=""/>
         <property name="logFolder" value="C:\\Users\\Rishi\\git\\Katalon_Automation_Testing_SB_GITHub\\Reports\\20240130_102911\\Amazon\\TestSuite_Amazon - Copy\\20240130_102911"/>
         <property name="logFiles" value="C:\\Users\\Rishi\\git\\Katalon_Automation_Testing_SB_GITHub\\Reports\\20240130_102911\\Amazon\\TestSuite_Amazon - Copy\\20240130_102911\\execution0.log"/>
         <property name="attachments" value=""/>
         <property name="hostName" value="Rishi - Rishi"/>
         <property name="os" value="Windows 11 64bit"/>
         <property name="katalonVersion" value="8.6.8.208"/>
         <property name="browser" value="Chrome 121.0.0.0"/>
         <property name="hostAddress" value="192.168.56.1"/>
         <property name="sessionId" value="17a3d9aa9cb54de785189e9771467cfb"/>
         <property name="seleniumVersion" value="3.141.59"/>
         <property name="proxyInformation" value="ProxyInformation { proxyOption=NO_PROXY, proxyServerType=HTTP, username=, password=********, proxyServerAddress=, proxyServerPort=0, executionList=&quot;&quot;, isApplyToDesiredCapabilities=true }"/>
         <property name="platform" value="Windows 11"/>
      </properties>
      <testcase name="Test Cases/Amazon_Home/TC_Amazon_ValidateSearchFieldItem_002 - Copy" time="33.781" classname="Test Cases/Amazon_Home/TC_Amazon_ValidateSearchFieldItem_002 - Copy" status="PASSED">
         <system-out><![CDATA[2024-01-30 10:29:31 - [TEST_CASE][PASSED] - Test Cases/Amazon_Home/TC_Amazon_ValidateSearchFieldItem_002 - Copy: Test Cases/Amazon_Home/TC_Amazon_ValidateSearchFieldItem_002 - Copy

2024-01-30 10:29:31 - [TEST_STEP][PASSED] - Start listener action : sampleBeforeTestCase: Navigate to 'https://www.amazon.com/' successfully

2024-01-30 10:29:31 - [TEST_STEP][PASSED] - openBrowser(""): Browser is opened with url: ''

2024-01-30 10:29:31 - [MESSAGE][WARNING] - A browser is already opened. Closing browser and opening a new one

2024-01-30 10:29:32 - [MESSAGE][INFO] - Starting 'Chrome' driver

2024-01-30 10:29:32 - [MESSAGE][INFO] - Action delay is set to 0 milliseconds

2024-01-30 10:29:33 - [MESSAGE][PASSED] - Browser is opened with url: ''

2024-01-30 10:29:33 - [TEST_STEP][PASSED] - navigateToUrl("https://www.amazon.com/"): Navigate to 'https://www.amazon.com/' successfully

2024-01-30 10:29:41 - [MESSAGE][PASSED] - Navigate to 'https://www.amazon.com/' successfully

2024-01-30 10:29:41 - [TEST_STEP][PASSED] - Start setup action : setupTestCase: Method 'setupTestCase' complete successfully

2024-01-30 10:29:41 - [MESSAGE][PASSED] - Method 'setupTestCase' complete successfully

2024-01-30 10:29:41 - [TEST_STEP][PASSED] - selectOptionByValue(findTestObject("Object Repository/Amazon_OR/Page_Amazon.com. Spend less. Smile more/select_All Departments        Arts  Crafts _135c92"), "search-alias=stripbooks-intl-ship", true): All options with value 'search-alias=stripbooks-intl-ship' are selected in object 'Object Repository/Amazon_OR/Page_Amazon.com. Spend less. Smile more/select_All Departments        Arts  Crafts _135c92'  using regular expression

2024-01-30 10:29:46 - [MESSAGE][PASSED] - All options with value 'search-alias=stripbooks-intl-ship' are selected in object 'Object Repository/Amazon_OR/Page_Amazon.com. Spend less. Smile more/select_All Departments        Arts  Crafts _135c92'  using regular expression

2024-01-30 10:29:46 - [TEST_STEP][PASSED] - setText(findTestObject("Object Repository/Amazon_OR/Page_Amazon.com. Spend less. Smile more/input_field-keywords"), "Da vinci code"): Text 'Da vinci code' is set on object 'Object Repository/Amazon_OR/Page_Amazon.com. Spend less. Smile more/input_field-keywords'

2024-01-30 10:29:47 - [MESSAGE][PASSED] - Text 'Da vinci code' is set on object 'Object Repository/Amazon_OR/Page_Amazon.com. Spend less. Smile more/input_field-keywords'

2024-01-30 10:29:47 - [TEST_STEP][PASSED] - click(findTestObject("Amazon_OR/Page_Amazon.com. Spend less. Smile more/inputnav-search-submit-button")): Object: 'Object Repository/Amazon_OR/Page_Amazon.com. Spend less. Smile more/inputnav-search-submit-button' is clicked on

2024-01-30 10:29:52 - [MESSAGE][PASSED] - Object: 'Object Repository/Amazon_OR/Page_Amazon.com. Spend less. Smile more/inputnav-search-submit-button' is clicked on

2024-01-30 10:29:52 - [TEST_STEP][PASSED] - click(findTestObject("Object Repository/Amazon_OR/Page_Amazon.com  Da vinci code/i_Author_a-icon a-icon-checkbox")): Object: 'Object Repository/Amazon_OR/Page_Amazon.com  Da vinci code/i_Author_a-icon a-icon-checkbox' is clicked on

2024-01-30 10:29:57 - [MESSAGE][PASSED] - Object: 'Object Repository/Amazon_OR/Page_Amazon.com  Da vinci code/i_Author_a-icon a-icon-checkbox' is clicked on

2024-01-30 10:29:57 - [TEST_STEP][PASSED] - unchecked = verifyElementNotChecked(findTestObject("Object Repository/Amazon_OR/Page_Amazon.com  Da vinci code/i_Author_a-icon a-icon-checkbox"), 0): Object 'Object Repository/Amazon_OR/Page_Amazon.com  Da vinci code/i_Author_a-icon a-icon-checkbox' is not checked

2024-01-30 10:29:57 - [MESSAGE][WARNING] - Timeout '0' is invalid. Using default page load timeout: '30'

2024-01-30 10:30:00 - [MESSAGE][PASSED] - Object 'Object Repository/Amazon_OR/Page_Amazon.com  Da vinci code/i_Author_a-icon a-icon-checkbox' is not checked

2024-01-30 10:30:00 - [TEST_STEP][PASSED] - if (unchecked == true): null

2024-01-30 10:30:00 - [TEST_STEP][PASSED] - out.println("element not checked"): null

2024-01-30 10:30:00 - [TEST_STEP][PASSED] - check(findTestObject("Object Repository/Amazon_OR/Page_Amazon.com  Da vinci code/i_Author_a-icon a-icon-checkbox")): Object 'Object Repository/Amazon_OR/Page_Amazon.com  Da vinci code/i_Author_a-icon a-icon-checkbox' is checked

2024-01-30 10:30:01 - [MESSAGE][PASSED] - Object 'Object Repository/Amazon_OR/Page_Amazon.com  Da vinci code/i_Author_a-icon a-icon-checkbox' is checked

2024-01-30 10:30:01 - [TEST_STEP][PASSED] - out.println("element checked"): null

2024-01-30 10:30:01 - [TEST_STEP][PASSED] - delay(3): Delayed 3 second(s)

2024-01-30 10:30:04 - [MESSAGE][PASSED] - Delayed 3 second(s)

2024-01-30 10:30:04 - [TEST_STEP][PASSED] - Start tear down : tearDownTestCase: Method 'tearDownTestCase' complete successfully

2024-01-30 10:30:04 - [MESSAGE][PASSED] - Method 'tearDownTestCase' complete successfully

2024-01-30 10:30:04 - [TEST_STEP][PASSED] - Start listener action : sampleAfterTestCase: Browser is closed

2024-01-30 10:30:04 - [TEST_STEP][PASSED] - closeBrowser(): Browser is closed

2024-01-30 10:30:05 - [MESSAGE][PASSED] - Browser is closed]]></system-out>
         <system-err><![CDATA[]]></system-err>
      </testcase>
      <testcase name="Test Cases/Amazon_Home/TC_Amazon_ValidateSearchFieldItem_002" time="52.274" classname="Test Cases/Amazon_Home/TC_Amazon_ValidateSearchFieldItem_002" status="PASSED">
         <system-out><![CDATA[2024-01-30 10:30:05 - [TEST_CASE][PASSED] - Test Cases/Amazon_Home/TC_Amazon_ValidateSearchFieldItem_002: Test Cases/Amazon_Home/TC_Amazon_ValidateSearchFieldItem_002

2024-01-30 10:30:05 - [TEST_STEP][PASSED] - Start listener action : sampleBeforeTestCase: Navigate to 'https://www.amazon.com/' successfully

2024-01-30 10:30:05 - [TEST_STEP][PASSED] - openBrowser(""): Browser is opened with url: ''

2024-01-30 10:30:05 - [MESSAGE][INFO] - Starting 'Chrome' driver

2024-01-30 10:30:05 - [MESSAGE][INFO] - Action delay is set to 0 milliseconds

2024-01-30 10:30:06 - [MESSAGE][PASSED] - Browser is opened with url: ''

2024-01-30 10:30:06 - [TEST_STEP][PASSED] - navigateToUrl("https://www.amazon.com/"): Navigate to 'https://www.amazon.com/' successfully

2024-01-30 10:30:13 - [MESSAGE][PASSED] - Navigate to 'https://www.amazon.com/' successfully

2024-01-30 10:30:13 - [TEST_STEP][PASSED] - Start setup action : setupTestCase: Method 'setupTestCase' complete successfully

2024-01-30 10:30:13 - [MESSAGE][PASSED] - Method 'setupTestCase' complete successfully

2024-01-30 10:30:13 - [TEST_STEP][PASSED] - openBrowser(""): Browser is opened with url: ''

2024-01-30 10:30:13 - [MESSAGE][WARNING] - A browser is already opened. Closing browser and opening a new one

2024-01-30 10:30:14 - [MESSAGE][INFO] - Starting 'Chrome' driver

2024-01-30 10:30:14 - [MESSAGE][INFO] - Action delay is set to 0 milliseconds

2024-01-30 10:30:15 - [MESSAGE][PASSED] - Browser is opened with url: ''

2024-01-30 10:30:15 - [TEST_STEP][PASSED] - navigateToUrl("https://www.amazon.com/"): Navigate to 'https://www.amazon.com/' successfully

2024-01-30 10:30:22 - [MESSAGE][PASSED] - Navigate to 'https://www.amazon.com/' successfully

2024-01-30 10:30:22 - [TEST_STEP][PASSED] - selectOptionByValue(findTestObject("Object Repository/Amazon_OR/Page_Amazon.com. Spend less. Smile more/select_All Departments        Arts  Crafts _135c92"), "search-alias=stripbooks-intl-ship", true): All options with value 'search-alias=stripbooks-intl-ship' are selected in object 'Object Repository/Amazon_OR/Page_Amazon.com. Spend less. Smile more/select_All Departments        Arts  Crafts _135c92'  using regular expression

2024-01-30 10:30:28 - [MESSAGE][PASSED] - All options with value 'search-alias=stripbooks-intl-ship' are selected in object 'Object Repository/Amazon_OR/Page_Amazon.com. Spend less. Smile more/select_All Departments        Arts  Crafts _135c92'  using regular expression

2024-01-30 10:30:28 - [TEST_STEP][PASSED] - setText(findTestObject("Object Repository/Amazon_OR/Page_Amazon.com. Spend less. Smile more/input_field-keywords"), "Da vinci code"): Text 'Da vinci code' is set on object 'Object Repository/Amazon_OR/Page_Amazon.com. Spend less. Smile more/input_field-keywords'

2024-01-30 10:30:29 - [MESSAGE][PASSED] - Text 'Da vinci code' is set on object 'Object Repository/Amazon_OR/Page_Amazon.com. Spend less. Smile more/input_field-keywords'

2024-01-30 10:30:29 - [TEST_STEP][PASSED] - click(findTestObject("Amazon_OR/Page_Amazon.com. Spend less. Smile more/inputnav-search-submit-button")): Object: 'Object Repository/Amazon_OR/Page_Amazon.com. Spend less. Smile more/inputnav-search-submit-button' is clicked on

2024-01-30 10:30:36 - [MESSAGE][PASSED] - Object: 'Object Repository/Amazon_OR/Page_Amazon.com. Spend less. Smile more/inputnav-search-submit-button' is clicked on

2024-01-30 10:30:36 - [TEST_STEP][PASSED] - click(findTestObject("Object Repository/Amazon_OR/Page_Amazon.com  Da vinci code/i_Author_a-icon a-icon-checkbox")): Object: 'Object Repository/Amazon_OR/Page_Amazon.com  Da vinci code/i_Author_a-icon a-icon-checkbox' is clicked on

2024-01-30 10:30:46 - [MESSAGE][PASSED] - Object: 'Object Repository/Amazon_OR/Page_Amazon.com  Da vinci code/i_Author_a-icon a-icon-checkbox' is clicked on

2024-01-30 10:30:46 - [TEST_STEP][PASSED] - unchecked = verifyElementNotChecked(findTestObject("Object Repository/Amazon_OR/Page_Amazon.com  Da vinci code/i_Author_a-icon a-icon-checkbox"), 0): Object 'Object Repository/Amazon_OR/Page_Amazon.com  Da vinci code/i_Author_a-icon a-icon-checkbox' is not checked

2024-01-30 10:30:46 - [MESSAGE][WARNING] - Timeout '0' is invalid. Using default page load timeout: '30'

2024-01-30 10:30:53 - [MESSAGE][PASSED] - Object 'Object Repository/Amazon_OR/Page_Amazon.com  Da vinci code/i_Author_a-icon a-icon-checkbox' is not checked

2024-01-30 10:30:53 - [TEST_STEP][PASSED] - if (unchecked == true): null

2024-01-30 10:30:53 - [TEST_STEP][PASSED] - out.println("element not checked"): null

2024-01-30 10:30:53 - [TEST_STEP][PASSED] - check(findTestObject("Object Repository/Amazon_OR/Page_Amazon.com  Da vinci code/i_Author_a-icon a-icon-checkbox")): Object 'Object Repository/Amazon_OR/Page_Amazon.com  Da vinci code/i_Author_a-icon a-icon-checkbox' is checked

2024-01-30 10:30:53 - [MESSAGE][PASSED] - Object 'Object Repository/Amazon_OR/Page_Amazon.com  Da vinci code/i_Author_a-icon a-icon-checkbox' is checked

2024-01-30 10:30:53 - [TEST_STEP][PASSED] - out.println("element checked"): null

2024-01-30 10:30:53 - [TEST_STEP][PASSED] - delay(3): Delayed 3 second(s)

2024-01-30 10:30:56 - [MESSAGE][PASSED] - Delayed 3 second(s)

2024-01-30 10:30:56 - [TEST_STEP][PASSED] - closeBrowser(): Browser is closed

2024-01-30 10:30:57 - [MESSAGE][PASSED] - Browser is closed

2024-01-30 10:30:57 - [TEST_STEP][PASSED] - Start tear down : tearDownTestCase: Method 'tearDownTestCase' complete successfully

2024-01-30 10:30:57 - [MESSAGE][PASSED] - Method 'tearDownTestCase' complete successfully

2024-01-30 10:30:57 - [TEST_STEP][PASSED] - Start listener action : sampleAfterTestCase: Browser is closed

2024-01-30 10:30:57 - [TEST_STEP][PASSED] - closeBrowser(): Browser is closed

2024-01-30 10:30:57 - [MESSAGE][PASSED] - Browser is closed]]></system-out>
         <system-err><![CDATA[]]></system-err>
      </testcase>
      <system-out><![CDATA[2024-01-30 10:29:15 - [TEST_SUITE][PASSED] - TestSuite_Amazon - Copy: Test Cases/Amazon_Home/TC_Amazon_ValidateSearchFieldItem_002]]></system-out>
      <system-err><![CDATA[]]></system-err>
   </testsuite>
</testsuites>
