<?xml version="1.0" encoding="UTF-8"?>
<testsuites name="Amazon_TestSuite_Buttons" time="73.937" tests="2" failures="0" errors="0">
   <testsuite name="Amazon_TestSuite_Buttons" tests="2" failures="0" errors="0" time="73.937" skipped="0" timestamp="2024-01-31 19:09:10" hostname="Rishi - Rishi" id="Test Suites/Amazon/Amazon_TestSuite_Buttons">
      <properties>
         <property name="deviceName" value=""/>
         <property name="devicePlatform" value=""/>
         <property name="logFolder" value="C:\\Users\\Rishi\\git\\Katalon_Automation_Testing_SB_GITHub\\Reports\\20240131_190906\\Amazon\\Amazon_TestSuite_Buttons\\20240131_190906"/>
         <property name="logFiles" value="C:\\Users\\Rishi\\git\\Katalon_Automation_Testing_SB_GITHub\\Reports\\20240131_190906\\Amazon\\Amazon_TestSuite_Buttons\\20240131_190906\\execution0.log"/>
         <property name="attachments" value=""/>
         <property name="hostName" value="Rishi - Rishi"/>
         <property name="os" value="Windows 11 64bit"/>
         <property name="katalonVersion" value="8.6.8.208"/>
         <property name="browser" value="Chrome 121.0.0.0"/>
         <property name="hostAddress" value="192.168.56.1"/>
         <property name="sessionId" value="29a3967d377a26386344d789f583bf11"/>
         <property name="seleniumVersion" value="3.141.59"/>
         <property name="proxyInformation" value="ProxyInformation { proxyOption=NO_PROXY, proxyServerType=HTTP, username=, password=********, proxyServerAddress=, proxyServerPort=0, executionList=&quot;&quot;, isApplyToDesiredCapabilities=true }"/>
         <property name="platform" value="Windows 11"/>
      </properties>
      <testcase name="Test Cases/Amazon_Home/Amazon_Home_Search_CheckBox/TC_Amazon_Validate_Input_and_Checkbox_Button" time="37.555" classname="Test Cases/Amazon_Home/Amazon_Home_Search_CheckBox/TC_Amazon_Validate_Input_and_Checkbox_Button" status="PASSED">
         <system-out><![CDATA[2024-01-31 19:09:11 - [TEST_CASE][PASSED] - Test Cases/Amazon_Home/Amazon_Home_Search_CheckBox/TC_Amazon_Validate_Input_and_Checkbox_Button: Test Cases/Amazon_Home/Amazon_Home_Search_CheckBox/TC_Amazon_Validate_Input_and_Checkbox_Button

2024-01-31 19:09:11 - [TEST_STEP][PASSED] - Start listener action : sampleBeforeTestCase: Navigate to 'https://www.amazon.com/' successfully

2024-01-31 19:09:11 - [TEST_STEP][PASSED] - openBrowser(""): Browser is opened with url: ''

2024-01-31 19:09:11 - [MESSAGE][INFO] - Starting 'Chrome' driver

2024-01-31 19:09:11 - [MESSAGE][INFO] - Action delay is set to 0 milliseconds

2024-01-31 19:09:14 - [MESSAGE][PASSED] - Browser is opened with url: ''

2024-01-31 19:09:14 - [TEST_STEP][PASSED] - navigateToUrl("https://www.amazon.com/"): Navigate to 'https://www.amazon.com/' successfully

2024-01-31 19:09:16 - [MESSAGE][PASSED] - Navigate to 'https://www.amazon.com/' successfully

2024-01-31 19:09:16 - [TEST_STEP][PASSED] - selectOptionByValue(findTestObject("Object Repository/Amazon_OR/Page_Amazon.com. Spend less. Smile more/select_All Departments        Arts  Crafts _135c92"), "search-alias=stripbooks-intl-ship", true): All options with value 'search-alias=stripbooks-intl-ship' are selected in object 'Object Repository/Amazon_OR/Page_Amazon.com. Spend less. Smile more/select_All Departments        Arts  Crafts _135c92'  using regular expression

2024-01-31 19:09:33 - [MESSAGE][PASSED] - All options with value 'search-alias=stripbooks-intl-ship' are selected in object 'Object Repository/Amazon_OR/Page_Amazon.com. Spend less. Smile more/select_All Departments        Arts  Crafts _135c92'  using regular expression

2024-01-31 19:09:33 - [TEST_STEP][PASSED] - setText(findTestObject("Object Repository/Amazon_OR/Page_Amazon.com. Spend less. Smile more/input_field-keywords"), "Da vinci code"): Text 'Da vinci code' is set on object 'Object Repository/Amazon_OR/Page_Amazon.com. Spend less. Smile more/input_field-keywords'

2024-01-31 19:09:35 - [MESSAGE][PASSED] - Text 'Da vinci code' is set on object 'Object Repository/Amazon_OR/Page_Amazon.com. Spend less. Smile more/input_field-keywords'

2024-01-31 19:09:35 - [TEST_STEP][PASSED] - click(findTestObject("Amazon_OR/Page_Amazon.com. Spend less. Smile more/inputnav-search-submit-button")): Object: 'Object Repository/Amazon_OR/Page_Amazon.com. Spend less. Smile more/inputnav-search-submit-button' is clicked on

2024-01-31 19:09:40 - [MESSAGE][PASSED] - Object: 'Object Repository/Amazon_OR/Page_Amazon.com. Spend less. Smile more/inputnav-search-submit-button' is clicked on

2024-01-31 19:09:40 - [TEST_STEP][PASSED] - click(findTestObject("Object Repository/Amazon_OR/Page_Amazon.com  Da vinci code/i_Author_a-icon a-icon-checkbox")): Object: 'Object Repository/Amazon_OR/Page_Amazon.com  Da vinci code/i_Author_a-icon a-icon-checkbox' is clicked on

2024-01-31 19:09:42 - [MESSAGE][PASSED] - Object: 'Object Repository/Amazon_OR/Page_Amazon.com  Da vinci code/i_Author_a-icon a-icon-checkbox' is clicked on

2024-01-31 19:09:42 - [TEST_STEP][PASSED] - unchecked = verifyElementNotChecked(findTestObject("Object Repository/Amazon_OR/Page_Amazon.com  Da vinci code/i_Author_a-icon a-icon-checkbox"), 0): Object 'Object Repository/Amazon_OR/Page_Amazon.com  Da vinci code/i_Author_a-icon a-icon-checkbox' is not checked

2024-01-31 19:09:42 - [MESSAGE][WARNING] - Timeout '0' is invalid. Using default page load timeout: '30'

2024-01-31 19:09:43 - [MESSAGE][PASSED] - Object 'Object Repository/Amazon_OR/Page_Amazon.com  Da vinci code/i_Author_a-icon a-icon-checkbox' is not checked

2024-01-31 19:09:43 - [TEST_STEP][PASSED] - if (unchecked == true): null

2024-01-31 19:09:43 - [TEST_STEP][PASSED] - out.println("element not checked"): null

2024-01-31 19:09:43 - [TEST_STEP][PASSED] - check(findTestObject("Object Repository/Amazon_OR/Page_Amazon.com  Da vinci code/i_Author_a-icon a-icon-checkbox")): Object 'Object Repository/Amazon_OR/Page_Amazon.com  Da vinci code/i_Author_a-icon a-icon-checkbox' is checked

2024-01-31 19:09:44 - [MESSAGE][PASSED] - Object 'Object Repository/Amazon_OR/Page_Amazon.com  Da vinci code/i_Author_a-icon a-icon-checkbox' is checked

2024-01-31 19:09:44 - [TEST_STEP][PASSED] - out.println("element checked"): null

2024-01-31 19:09:44 - [TEST_STEP][PASSED] - delay(3): Delayed 3 second(s)

2024-01-31 19:09:47 - [MESSAGE][PASSED] - Delayed 3 second(s)

2024-01-31 19:09:47 - [TEST_STEP][PASSED] - Start listener action : sampleAfterTestCase: Browser is closed

2024-01-31 19:09:47 - [TEST_STEP][PASSED] - closeBrowser(): Browser is closed

2024-01-31 19:09:48 - [MESSAGE][PASSED] - Browser is closed]]></system-out>
         <system-err><![CDATA[]]></system-err>
      </testcase>
      <testcase name="Test Cases/TC_Amazon_Validate_DropDownButton" time="35.982" classname="Test Cases/TC_Amazon_Validate_DropDownButton" status="PASSED">
         <system-out><![CDATA[2024-01-31 19:09:48 - [TEST_CASE][PASSED] - Test Cases/TC_Amazon_Validate_DropDownButton: Test Cases/TC_Amazon_Validate_DropDownButton

2024-01-31 19:09:48 - [TEST_STEP][PASSED] - Start listener action : sampleBeforeTestCase: Navigate to 'https://www.amazon.com/' successfully

2024-01-31 19:09:48 - [TEST_STEP][PASSED] - openBrowser(""): Browser is opened with url: ''

2024-01-31 19:09:48 - [MESSAGE][INFO] - Starting 'Chrome' driver

2024-01-31 19:09:48 - [MESSAGE][INFO] - Action delay is set to 0 milliseconds

2024-01-31 19:09:50 - [MESSAGE][PASSED] - Browser is opened with url: ''

2024-01-31 19:09:50 - [TEST_STEP][PASSED] - navigateToUrl("https://www.amazon.com/"): Navigate to 'https://www.amazon.com/' successfully

2024-01-31 19:09:51 - [MESSAGE][PASSED] - Navigate to 'https://www.amazon.com/' successfully

2024-01-31 19:09:51 - [TEST_STEP][PASSED] - openBrowser(""): Browser is opened with url: ''

2024-01-31 19:09:51 - [MESSAGE][WARNING] - A browser is already opened. Closing browser and opening a new one

2024-01-31 19:09:52 - [MESSAGE][INFO] - Starting 'Chrome' driver

2024-01-31 19:09:52 - [MESSAGE][INFO] - Action delay is set to 0 milliseconds

2024-01-31 19:09:53 - [MESSAGE][PASSED] - Browser is opened with url: ''

2024-01-31 19:09:53 - [TEST_STEP][PASSED] - navigateToUrl("www.amazon.com"): Navigate to 'http://www.amazon.com' successfully

2024-01-31 19:09:54 - [MESSAGE][PASSED] - Navigate to 'http://www.amazon.com' successfully

2024-01-31 19:09:54 - [TEST_STEP][PASSED] - refresh(): Refresh successfully

2024-01-31 19:09:55 - [MESSAGE][PASSED] - Refresh successfully

2024-01-31 19:09:55 - [TEST_STEP][PASSED] - click(findTestObject("Object Repository/Amazon_OR/Page_Amazon.com. Spend less. Smile more/select_All Departments        Arts  Crafts _135c92")): Object: 'Object Repository/Amazon_OR/Page_Amazon.com. Spend less. Smile more/select_All Departments        Arts  Crafts _135c92' is clicked on

2024-01-31 19:10:09 - [MESSAGE][PASSED] - Object: 'Object Repository/Amazon_OR/Page_Amazon.com. Spend less. Smile more/select_All Departments        Arts  Crafts _135c92' is clicked on

2024-01-31 19:10:09 - [TEST_STEP][PASSED] - selectOptionByValue(findTestObject("Object Repository/Amazon_OR/Page_Amazon.com. Spend less. Smile more/select_All Departments        Arts  Crafts _135c92"), "search-alias=stripbooks-intl-ship", true): All options with value 'search-alias=stripbooks-intl-ship' are selected in object 'Object Repository/Amazon_OR/Page_Amazon.com. Spend less. Smile more/select_All Departments        Arts  Crafts _135c92'  using regular expression

2024-01-31 19:10:11 - [MESSAGE][PASSED] - All options with value 'search-alias=stripbooks-intl-ship' are selected in object 'Object Repository/Amazon_OR/Page_Amazon.com. Spend less. Smile more/select_All Departments        Arts  Crafts _135c92'  using regular expression

2024-01-31 19:10:11 - [TEST_STEP][PASSED] - setText(findTestObject("Object Repository/Amazon_OR/Page_Amazon.com. Spend less. Smile more/input_field-keywords"), "Da vinci code"): Text 'Da vinci code' is set on object 'Object Repository/Amazon_OR/Page_Amazon.com. Spend less. Smile more/input_field-keywords'

2024-01-31 19:10:12 - [MESSAGE][PASSED] - Text 'Da vinci code' is set on object 'Object Repository/Amazon_OR/Page_Amazon.com. Spend less. Smile more/input_field-keywords'

2024-01-31 19:10:12 - [TEST_STEP][PASSED] - click(findTestObject("Amazon_OR/Page_Amazon.com. Spend less. Smile more/inputnav-search-submit-button")): Object: 'Object Repository/Amazon_OR/Page_Amazon.com. Spend less. Smile more/inputnav-search-submit-button' is clicked on

2024-01-31 19:10:16 - [MESSAGE][PASSED] - Object: 'Object Repository/Amazon_OR/Page_Amazon.com. Spend less. Smile more/inputnav-search-submit-button' is clicked on

2024-01-31 19:10:16 - [TEST_STEP][PASSED] - click(findTestObject("Object Repository/Amazon_OR/Page_Amazon.com  Da vinci code/i_Author_a-icon a-icon-checkbox")): Object: 'Object Repository/Amazon_OR/Page_Amazon.com  Da vinci code/i_Author_a-icon a-icon-checkbox' is clicked on

2024-01-31 19:10:19 - [MESSAGE][PASSED] - Object: 'Object Repository/Amazon_OR/Page_Amazon.com  Da vinci code/i_Author_a-icon a-icon-checkbox' is clicked on

2024-01-31 19:10:19 - [TEST_STEP][PASSED] - unchecked = verifyElementNotChecked(findTestObject("Object Repository/Amazon_OR/Page_Amazon.com  Da vinci code/i_Author_a-icon a-icon-checkbox"), 0): Object 'Object Repository/Amazon_OR/Page_Amazon.com  Da vinci code/i_Author_a-icon a-icon-checkbox' is not checked

2024-01-31 19:10:19 - [MESSAGE][WARNING] - Timeout '0' is invalid. Using default page load timeout: '30'

2024-01-31 19:10:20 - [MESSAGE][PASSED] - Object 'Object Repository/Amazon_OR/Page_Amazon.com  Da vinci code/i_Author_a-icon a-icon-checkbox' is not checked

2024-01-31 19:10:20 - [TEST_STEP][PASSED] - if (unchecked == true): null

2024-01-31 19:10:20 - [TEST_STEP][PASSED] - out.println("element not checked"): null

2024-01-31 19:10:20 - [TEST_STEP][PASSED] - check(findTestObject("Object Repository/Amazon_OR/Page_Amazon.com  Da vinci code/i_Author_a-icon a-icon-checkbox")): Object 'Object Repository/Amazon_OR/Page_Amazon.com  Da vinci code/i_Author_a-icon a-icon-checkbox' is checked

2024-01-31 19:10:20 - [MESSAGE][PASSED] - Object 'Object Repository/Amazon_OR/Page_Amazon.com  Da vinci code/i_Author_a-icon a-icon-checkbox' is checked

2024-01-31 19:10:20 - [TEST_STEP][PASSED] - out.println("element checked"): null

2024-01-31 19:10:20 - [TEST_STEP][PASSED] - delay(3): Delayed 3 second(s)

2024-01-31 19:10:23 - [MESSAGE][PASSED] - Delayed 3 second(s)

2024-01-31 19:10:23 - [TEST_STEP][PASSED] - Start listener action : sampleAfterTestCase: Browser is closed

2024-01-31 19:10:23 - [TEST_STEP][PASSED] - closeBrowser(): Browser is closed

2024-01-31 19:10:24 - [MESSAGE][PASSED] - Browser is closed]]></system-out>
         <system-err><![CDATA[]]></system-err>
      </testcase>
      <system-out><![CDATA[2024-01-31 19:09:10 - [TEST_SUITE][PASSED] - Amazon_TestSuite_Buttons: Test Cases/TC_Amazon_Validate_DropDownButton]]></system-out>
      <system-err><![CDATA[]]></system-err>
   </testsuite>
</testsuites>
