<?xml version="1.0" encoding="UTF-8"?>
<testsuites name="TestSuite_Amazon" time="51.71" tests="2" failures="0" errors="0">
   <testsuite name="TestSuite_Amazon" tests="2" failures="0" errors="0" time="51.71" skipped="0" timestamp="2024-01-30 09:53:00" hostname="Rishi - Rishi" id="Test Suites/Amazon/TestSuite_Amazon">
      <properties>
         <property name="deviceName" value=""/>
         <property name="devicePlatform" value=""/>
         <property name="logFolder" value="C:\\Users\\Rishi\\git\\Katalon_Automation_Testing_SB_GITHub\\Reports\\20240130_095252\\Amazon\\TestSuite_Amazon\\20240130_095252"/>
         <property name="logFiles" value="C:\\Users\\Rishi\\git\\Katalon_Automation_Testing_SB_GITHub\\Reports\\20240130_095252\\Amazon\\TestSuite_Amazon\\20240130_095252\\execution0.log"/>
         <property name="attachments" value=""/>
         <property name="hostName" value="Rishi - Rishi"/>
         <property name="os" value="Windows 11 64bit"/>
         <property name="katalonVersion" value="8.6.8.208"/>
         <property name="browser" value="Chrome 121.0.0.0"/>
         <property name="hostAddress" value="192.168.56.1"/>
         <property name="sessionId" value="8a90f7715672a56779021937e66f4038"/>
         <property name="seleniumVersion" value="3.141.59"/>
         <property name="proxyInformation" value="ProxyInformation { proxyOption=NO_PROXY, proxyServerType=HTTP, username=, password=********, proxyServerAddress=, proxyServerPort=0, executionList=&quot;&quot;, isApplyToDesiredCapabilities=true }"/>
         <property name="platform" value="Windows 11"/>
      </properties>
      <testcase name="Test Cases/Amazon_Home/TC_AMAZON_HOME_VALIDATE_SIGN_IN-002" time="26.156" classname="Test Cases/Amazon_Home/TC_AMAZON_HOME_VALIDATE_SIGN_IN-002" status="PASSED">
         <system-out><![CDATA[2024-01-30 09:53:00 - [TEST_CASE][PASSED] - Test Cases/Amazon_Home/TC_AMAZON_HOME_VALIDATE_SIGN_IN-002: Test Cases/Amazon_Home/TC_AMAZON_HOME_VALIDATE_SIGN_IN-002

2024-01-30 09:53:01 - [TEST_STEP][PASSED] - openBrowser(""): Browser is opened with url: ''

2024-01-30 09:53:01 - [MESSAGE][INFO] - Starting 'Chrome' driver

2024-01-30 09:53:01 - [MESSAGE][INFO] - Action delay is set to 0 milliseconds

2024-01-30 09:53:04 - [MESSAGE][PASSED] - Browser is opened with url: ''

2024-01-30 09:53:04 - [TEST_STEP][PASSED] - navigateToUrl("http://www.amazon.com"): Navigate to 'http://www.amazon.com' successfully

2024-01-30 09:53:06 - [MESSAGE][PASSED] - Navigate to 'http://www.amazon.com' successfully

2024-01-30 09:53:06 - [TEST_STEP][PASSED] - click(findTestObject("Amazon_OR/Page_Amazon Registration/Page_Amazon.com. Spend less. Smile more/span_Hello, sign in")): Object: 'Object Repository/Amazon_OR/Page_Amazon Registration/Page_Amazon.com. Spend less. Smile more/span_Hello, sign in' is clicked on

2024-01-30 09:53:09 - [MESSAGE][PASSED] - Object: 'Object Repository/Amazon_OR/Page_Amazon Registration/Page_Amazon.com. Spend less. Smile more/span_Hello, sign in' is clicked on

2024-01-30 09:53:09 - [TEST_STEP][PASSED] - setText(findTestObject("Amazon_OR/Page_Amazon Sign-In/input_Email or mobile phone number_email"), mobileno): Text '7387131032' is set on object 'Object Repository/Amazon_OR/Page_Amazon Sign-In/input_Email or mobile phone number_email'

2024-01-30 09:53:11 - [MESSAGE][PASSED] - Text '7387131032' is set on object 'Object Repository/Amazon_OR/Page_Amazon Sign-In/input_Email or mobile phone number_email'

2024-01-30 09:53:11 - [TEST_STEP][PASSED] - click(findTestObject("Amazon_OR/Page_Amazon Sign-In/input_Enter your email or mobile phone number_continue")): Object: 'Object Repository/Amazon_OR/Page_Amazon Sign-In/input_Enter your email or mobile phone number_continue' is clicked on

2024-01-30 09:53:13 - [MESSAGE][PASSED] - Object: 'Object Repository/Amazon_OR/Page_Amazon Sign-In/input_Enter your email or mobile phone number_continue' is clicked on

2024-01-30 09:53:13 - [TEST_STEP][PASSED] - setText(findTestObject("Amazon_OR/Page_Amazon Sign-In/input_Forgot your password_password"), password): Text 'Pass@123' is set on object 'Object Repository/Amazon_OR/Page_Amazon Sign-In/input_Forgot your password_password'

2024-01-30 09:53:15 - [MESSAGE][PASSED] - Text 'Pass@123' is set on object 'Object Repository/Amazon_OR/Page_Amazon Sign-In/input_Forgot your password_password'

2024-01-30 09:53:15 - [TEST_STEP][PASSED] - click(findTestObject("Amazon_OR/Page_Amazon Sign-In/input_Enter your password_signInSubmit")): Object: 'Object Repository/Amazon_OR/Page_Amazon Sign-In/input_Enter your password_signInSubmit' is clicked on

2024-01-30 09:53:15 - [MESSAGE][PASSED] - Object: 'Object Repository/Amazon_OR/Page_Amazon Sign-In/input_Enter your password_signInSubmit' is clicked on

2024-01-30 09:53:15 - [TEST_STEP][PASSED] - mouseOver(findTestObject("Amazon_OR/Page_Amazon.com. Spend less. Smile more/span_Account  Lists")): Object: 'Object Repository/Amazon_OR/Page_Amazon.com. Spend less. Smile more/span_Account  Lists' is hovered

2024-01-30 09:53:22 - [MESSAGE][PASSED] - Object: 'Object Repository/Amazon_OR/Page_Amazon.com. Spend less. Smile more/span_Account  Lists' is hovered

2024-01-30 09:53:22 - [TEST_STEP][PASSED] - verifyElementPresent(findTestObject("Amazon_OR/Page_Amazon.com. Spend less. Smile more/span_Manage Profiles"), 20): Object 'Object Repository/Amazon_OR/Page_Amazon.com. Spend less. Smile more/span_Manage Profiles' is present

2024-01-30 09:53:26 - [MESSAGE][PASSED] - Object 'Object Repository/Amazon_OR/Page_Amazon.com. Spend less. Smile more/span_Manage Profiles' is present

2024-01-30 09:53:26 - [TEST_STEP][PASSED] - closeBrowser(): Browser is closed

2024-01-30 09:53:26 - [MESSAGE][PASSED] - Browser is closed]]></system-out>
         <system-err><![CDATA[]]></system-err>
      </testcase>
      <testcase name="Test Cases/Amazon_Home/TC_Amazon_ValidateSearchFieldItem_002" time="25.111" classname="Test Cases/Amazon_Home/TC_Amazon_ValidateSearchFieldItem_002" status="PASSED">
         <system-out><![CDATA[2024-01-30 09:53:26 - [TEST_CASE][PASSED] - Test Cases/Amazon_Home/TC_Amazon_ValidateSearchFieldItem_002: Test Cases/Amazon_Home/TC_Amazon_ValidateSearchFieldItem_002

2024-01-30 09:53:27 - [TEST_STEP][PASSED] - openBrowser(""): Browser is opened with url: ''

2024-01-30 09:53:27 - [MESSAGE][INFO] - Starting 'Chrome' driver

2024-01-30 09:53:27 - [MESSAGE][INFO] - Action delay is set to 0 milliseconds

2024-01-30 09:53:28 - [MESSAGE][PASSED] - Browser is opened with url: ''

2024-01-30 09:53:28 - [TEST_STEP][PASSED] - navigateToUrl("https://www.amazon.com/"): Navigate to 'https://www.amazon.com/' successfully

2024-01-30 09:53:30 - [MESSAGE][PASSED] - Navigate to 'https://www.amazon.com/' successfully

2024-01-30 09:53:30 - [TEST_STEP][PASSED] - selectOptionByValue(findTestObject("Object Repository/Amazon_OR/Page_Amazon.com. Spend less. Smile more/select_All Departments        Arts  Crafts _135c92"), "search-alias=stripbooks-intl-ship", true): All options with value 'search-alias=stripbooks-intl-ship' are selected in object 'Object Repository/Amazon_OR/Page_Amazon.com. Spend less. Smile more/select_All Departments        Arts  Crafts _135c92'  using regular expression

2024-01-30 09:53:35 - [MESSAGE][PASSED] - All options with value 'search-alias=stripbooks-intl-ship' are selected in object 'Object Repository/Amazon_OR/Page_Amazon.com. Spend less. Smile more/select_All Departments        Arts  Crafts _135c92'  using regular expression

2024-01-30 09:53:35 - [TEST_STEP][PASSED] - setText(findTestObject("Object Repository/Amazon_OR/Page_Amazon.com. Spend less. Smile more/input_field-keywords"), "Da vinci code"): Text 'Da vinci code' is set on object 'Object Repository/Amazon_OR/Page_Amazon.com. Spend less. Smile more/input_field-keywords'

2024-01-30 09:53:36 - [MESSAGE][PASSED] - Text 'Da vinci code' is set on object 'Object Repository/Amazon_OR/Page_Amazon.com. Spend less. Smile more/input_field-keywords'

2024-01-30 09:53:36 - [TEST_STEP][PASSED] - click(findTestObject("Amazon_OR/Page_Amazon.com. Spend less. Smile more/inputnav-search-submit-button")): Object: 'Object Repository/Amazon_OR/Page_Amazon.com. Spend less. Smile more/inputnav-search-submit-button' is clicked on

2024-01-30 09:53:42 - [MESSAGE][PASSED] - Object: 'Object Repository/Amazon_OR/Page_Amazon.com. Spend less. Smile more/inputnav-search-submit-button' is clicked on

2024-01-30 09:53:42 - [TEST_STEP][PASSED] - click(findTestObject("Object Repository/Amazon_OR/Page_Amazon.com  Da vinci code/i_Author_a-icon a-icon-checkbox")): Object: 'Object Repository/Amazon_OR/Page_Amazon.com  Da vinci code/i_Author_a-icon a-icon-checkbox' is clicked on

2024-01-30 09:53:45 - [MESSAGE][PASSED] - Object: 'Object Repository/Amazon_OR/Page_Amazon.com  Da vinci code/i_Author_a-icon a-icon-checkbox' is clicked on

2024-01-30 09:53:45 - [TEST_STEP][PASSED] - unchecked = verifyElementNotChecked(findTestObject("Object Repository/Amazon_OR/Page_Amazon.com  Da vinci code/i_Author_a-icon a-icon-checkbox"), 0): Object 'Object Repository/Amazon_OR/Page_Amazon.com  Da vinci code/i_Author_a-icon a-icon-checkbox' is not checked

2024-01-30 09:53:46 - [MESSAGE][WARNING] - Timeout '0' is invalid. Using default page load timeout: '30'

2024-01-30 09:53:47 - [MESSAGE][PASSED] - Object 'Object Repository/Amazon_OR/Page_Amazon.com  Da vinci code/i_Author_a-icon a-icon-checkbox' is not checked

2024-01-30 09:53:47 - [TEST_STEP][PASSED] - if (unchecked == true): null

2024-01-30 09:53:47 - [TEST_STEP][PASSED] - out.println("element not checked"): null

2024-01-30 09:53:47 - [TEST_STEP][PASSED] - check(findTestObject("Object Repository/Amazon_OR/Page_Amazon.com  Da vinci code/i_Author_a-icon a-icon-checkbox")): Object 'Object Repository/Amazon_OR/Page_Amazon.com  Da vinci code/i_Author_a-icon a-icon-checkbox' is checked

2024-01-30 09:53:48 - [MESSAGE][PASSED] - Object 'Object Repository/Amazon_OR/Page_Amazon.com  Da vinci code/i_Author_a-icon a-icon-checkbox' is checked

2024-01-30 09:53:48 - [TEST_STEP][PASSED] - out.println("element checked"): null

2024-01-30 09:53:48 - [TEST_STEP][PASSED] - delay(3): Delayed 3 second(s)

2024-01-30 09:53:51 - [MESSAGE][PASSED] - Delayed 3 second(s)

2024-01-30 09:53:51 - [TEST_STEP][PASSED] - closeBrowser(): Browser is closed

2024-01-30 09:53:51 - [MESSAGE][PASSED] - Browser is closed]]></system-out>
         <system-err><![CDATA[]]></system-err>
      </testcase>
      <system-out><![CDATA[2024-01-30 09:53:00 - [TEST_SUITE][PASSED] - TestSuite_Amazon: Test Cases/Amazon_Home/TC_Amazon_ValidateSearchFieldItem_002]]></system-out>
      <system-err><![CDATA[]]></system-err>
   </testsuite>
</testsuites>
